2014-04-24 20:11:43.014+0000 DEBUG [API] You are using an unsupported version of the Java runtime. Please use Oracle(R) Java(TM) Runtime Environment 7.
2014-04-24 20:11:43.228+0000 INFO  [API] Setting startup timeout to: 120000ms based on -1
Detected incorrectly shut down database, performing recovery..
01:41:43.400 [main] WARN  o.neo4j.kernel.EmbeddedGraphDatabase - You are using an unsupported version of the Java runtime. Please use Oracle(R) Java(TM) Runtime Environment 7.
2014-04-24 20:11:44.689+0000 INFO  [API] Successfully started database
2014-04-24 20:11:45.837+0000 INFO  [API] Starting HTTP on port :7474 with 80 threads available
2014-04-24 20:11:46.129+0000 INFO  [API] Enabling HTTPS on port :7473
2014-04-24 20:11:46.529+0000 INFO  [API] Mounted discovery module at [/]
2014-04-24 20:11:46.541+0000 INFO  [API] Mounted REST API at [/db/data/]
2014-04-24 20:11:46.547+0000 INFO  [API] Mounted management API at [/db/manage/]
2014-04-24 20:11:46.548+0000 INFO  [API] Mounted webadmin at [/webadmin]
2014-04-24 20:11:46.550+0000 INFO  [API] Mounted Neo4j Browser at [/browser]
2014-04-24 20:11:46.624+0000 INFO  [API] Mounting static content at [/webadmin] from [webadmin-html]
2014-04-24 20:11:46.694+0000 INFO  [API] Mounting static content at [/browser] from [browser]
01:41:46.695 [main] WARN  o.e.j.server.handler.ContextHandler - o.e.j.s.ServletContextHandler@6a0cbc6f{/,null,null} contextPath ends with /
01:41:46.695 [main] WARN  o.e.j.server.handler.ContextHandler - Empty contextPath
01:41:46.698 [main] INFO  org.eclipse.jetty.server.Server - jetty-9.0.5.v20130815
01:41:46.736 [main] INFO  o.e.j.server.handler.ContextHandler - Started o.e.j.s.h.MovedContextHandler@c1fa7d4{/,null,AVAILABLE}
01:41:46.948 [main] INFO  o.e.j.w.StandardDescriptorProcessor - NO JSP Support for /webadmin, did not find org.apache.jasper.servlet.JspServlet
01:41:46.983 [main] INFO  o.e.j.server.handler.ContextHandler - Started o.e.j.w.WebAppContext@446c3920{/webadmin,jar:file:/Volumes/SAMSUNG/test_project/readers_door/neo4j/system/lib/neo4j-server-2.0.1-static-web.jar!/webadmin-html,AVAILABLE}
01:41:47.568 [main] INFO  o.e.j.server.handler.ContextHandler - Started o.e.j.s.ServletContextHandler@b606cb6{/db/manage,null,AVAILABLE}
01:41:47.956 [main] INFO  o.e.j.server.handler.ContextHandler - Started o.e.j.s.ServletContextHandler@53f4c1e6{/db/data,null,AVAILABLE}
01:41:47.983 [main] INFO  o.e.j.w.StandardDescriptorProcessor - NO JSP Support for /browser, did not find org.apache.jasper.servlet.JspServlet
01:41:47.984 [main] INFO  o.e.j.server.handler.ContextHandler - Started o.e.j.w.WebAppContext@784abd3e{/browser,jar:file:/Volumes/SAMSUNG/test_project/readers_door/neo4j/system/lib/neo4j-browser-2.0.1.jar!/browser,AVAILABLE}
01:41:48.182 [main] INFO  o.e.j.server.handler.ContextHandler - Started o.e.j.s.ServletContextHandler@6a0cbc6f{/,null,AVAILABLE}
01:41:48.205 [main] INFO  o.e.jetty.server.ServerConnector - Started ServerConnector@64d4f7c7{HTTP/1.1}{localhost:7474}
01:41:55.643 [main] INFO  o.e.jetty.server.ServerConnector - Started ServerConnector@3662bdff{SSL-HTTP/1.1}{localhost:7473}
2014-04-24 20:11:55.646+0000 INFO  [API] Remote interface ready and available at [http://localhost:7474/]
02:20:04.948 [qtp1678623942-112] WARN  o.e.jetty.servlet.ServletHandler - Error for /db/data/transaction/commit
org.neo4j.helpers.ThisShouldNotHappenError: Developer: Andres claims that: Need something with properties
	at org.neo4j.cypher.internal.compiler.v2_0.commands.expressions.Property.apply(Property.scala:42) ~[neo4j-cypher-compiler-2.0-2.0.1.jar:2.0.1]
	at org.neo4j.cypher.internal.compiler.v2_0.pipes.ExtractPipe$$anonfun$3$$anonfun$apply$2.apply(ExtractPipe.scala:63) ~[neo4j-cypher-compiler-2.0-2.0.1.jar:2.0.1]
	at org.neo4j.cypher.internal.compiler.v2_0.pipes.ExtractPipe$$anonfun$3$$anonfun$apply$2.apply(ExtractPipe.scala:61) ~[neo4j-cypher-compiler-2.0-2.0.1.jar:2.0.1]
	at scala.collection.immutable.Map$Map1.foreach(Map.scala:109) ~[scala-library-2.10.3.jar:na]
	at org.neo4j.cypher.internal.compiler.v2_0.pipes.ExtractPipe$$anonfun$3.apply(ExtractPipe.scala:61) ~[neo4j-cypher-compiler-2.0-2.0.1.jar:2.0.1]
	at org.neo4j.cypher.internal.compiler.v2_0.pipes.ExtractPipe$$anonfun$3.apply(ExtractPipe.scala:60) ~[neo4j-cypher-compiler-2.0-2.0.1.jar:2.0.1]
	at org.neo4j.cypher.internal.compiler.v2_0.pipes.ExtractPipe$$anonfun$internalCreateResults$1.apply(ExtractPipe.scala:83) ~[neo4j-cypher-compiler-2.0-2.0.1.jar:2.0.1]
	at org.neo4j.cypher.internal.compiler.v2_0.pipes.ExtractPipe$$anonfun$internalCreateResults$1.apply(ExtractPipe.scala:83) ~[neo4j-cypher-compiler-2.0-2.0.1.jar:2.0.1]
	at scala.collection.Iterator$$anon$11.next(Iterator.scala:328) ~[scala-library-2.10.3.jar:na]
	at scala.collection.Iterator$$anon$11.next(Iterator.scala:328) ~[scala-library-2.10.3.jar:na]
	at org.neo4j.cypher.internal.compiler.v2_0.ClosingIterator$$anonfun$next$1.apply(ClosingIterator.scala:46) ~[neo4j-cypher-compiler-2.0-2.0.1.jar:2.0.1]
	at org.neo4j.cypher.internal.compiler.v2_0.ClosingIterator$$anonfun$next$1.apply(ClosingIterator.scala:45) ~[neo4j-cypher-compiler-2.0-2.0.1.jar:2.0.1]
	at org.neo4j.cypher.internal.compiler.v2_0.ClosingIterator.failIfThrows(ClosingIterator.scala:91) ~[neo4j-cypher-compiler-2.0-2.0.1.jar:2.0.1]
	at org.neo4j.cypher.internal.compiler.v2_0.ClosingIterator.next(ClosingIterator.scala:45) ~[neo4j-cypher-compiler-2.0-2.0.1.jar:2.0.1]
	at org.neo4j.cypher.internal.compiler.v2_0.PipeExecutionResult.next(PipeExecutionResult.scala:168) ~[neo4j-cypher-compiler-2.0-2.0.1.jar:2.0.1]
	at org.neo4j.cypher.internal.compiler.v2_0.PipeExecutionResult.next(PipeExecutionResult.scala:34) ~[neo4j-cypher-compiler-2.0-2.0.1.jar:2.0.1]
	at scala.collection.Iterator$$anon$11.next(Iterator.scala:328) ~[scala-library-2.10.3.jar:na]
	at scala.collection.convert.Wrappers$IteratorWrapper.next(Wrappers.scala:30) ~[scala-library-2.10.3.jar:na]
	at org.neo4j.cypher.internal.compiler.v2_0.PipeExecutionResult$$anon$1.next(PipeExecutionResult.scala:76) ~[neo4j-cypher-compiler-2.0-2.0.1.jar:2.0.1]
	at org.neo4j.server.rest.transactional.ExecutionResultSerializer.writeRows(ExecutionResultSerializer.java:293) ~[neo4j-server-2.0.1.jar:2.0.1]
	at org.neo4j.server.rest.transactional.ExecutionResultSerializer.statementResult(ExecutionResultSerializer.java:103) ~[neo4j-server-2.0.1.jar:2.0.1]
	at org.neo4j.server.rest.transactional.TransactionHandle.executeStatements(TransactionHandle.java:251) ~[neo4j-server-2.0.1.jar:2.0.1]
	at org.neo4j.server.rest.transactional.TransactionHandle.commit(TransactionHandle.java:189) ~[neo4j-server-2.0.1.jar:2.0.1]
	at org.neo4j.server.rest.transactional.TransactionHandle.commit(TransactionHandle.java:109) ~[neo4j-server-2.0.1.jar:2.0.1]
	at org.neo4j.server.rest.web.TransactionalService$2.write(TransactionalService.java:198) ~[neo4j-server-2.0.1.jar:2.0.1]
	at com.sun.jersey.core.impl.provider.entity.StreamingOutputProvider.writeTo(StreamingOutputProvider.java:71) ~[jersey-core-1.9.jar:1.9]
	at com.sun.jersey.core.impl.provider.entity.StreamingOutputProvider.writeTo(StreamingOutputProvider.java:57) ~[jersey-core-1.9.jar:1.9]
	at com.sun.jersey.spi.container.ContainerResponse.write(ContainerResponse.java:306) ~[jersey-server-1.9.jar:1.9]
	at com.sun.jersey.server.impl.application.WebApplicationImpl._handleRequest(WebApplicationImpl.java:1437) ~[jersey-server-1.9.jar:1.9]
	at com.sun.jersey.server.impl.application.WebApplicationImpl.handleRequest(WebApplicationImpl.java:1349) ~[jersey-server-1.9.jar:1.9]
	at com.sun.jersey.server.impl.application.WebApplicationImpl.handleRequest(WebApplicationImpl.java:1339) ~[jersey-server-1.9.jar:1.9]
	at com.sun.jersey.spi.container.servlet.WebComponent.service(WebComponent.java:416) ~[jersey-server-1.9.jar:1.9]
	at com.sun.jersey.spi.container.servlet.ServletContainer.service(ServletContainer.java:537) ~[jersey-server-1.9.jar:1.9]
	at com.sun.jersey.spi.container.servlet.ServletContainer.service(ServletContainer.java:699) ~[jersey-server-1.9.jar:1.9]
	at javax.servlet.http.HttpServlet.service(HttpServlet.java:848) ~[javax.servlet-3.0.0.v201112011016.jar:na]
	at org.eclipse.jetty.servlet.ServletHolder.handle(ServletHolder.java:698) ~[jetty-servlet-9.0.5.v20130815.jar:9.0.5.v20130815]
	at org.eclipse.jetty.servlet.ServletHandler$CachedChain.doFilter(ServletHandler.java:1506) ~[jetty-servlet-9.0.5.v20130815.jar:9.0.5.v20130815]
	at org.neo4j.server.rest.security.SecurityFilter.doFilter(SecurityFilter.java:112) ~[neo4j-server-2.0.1.jar:2.0.1]
	at org.eclipse.jetty.servlet.ServletHandler$CachedChain.doFilter(ServletHandler.java:1477) ~[jetty-servlet-9.0.5.v20130815.jar:9.0.5.v20130815]
	at org.eclipse.jetty.servlet.ServletHandler.doHandle(ServletHandler.java:503) [jetty-servlet-9.0.5.v20130815.jar:9.0.5.v20130815]
	at org.eclipse.jetty.server.session.SessionHandler.doHandle(SessionHandler.java:211) [jetty-server-9.0.5.v20130815.jar:9.0.5.v20130815]
	at org.eclipse.jetty.server.handler.ContextHandler.doHandle(ContextHandler.java:1096) [jetty-server-9.0.5.v20130815.jar:9.0.5.v20130815]
	at org.eclipse.jetty.servlet.ServletHandler.doScope(ServletHandler.java:432) [jetty-servlet-9.0.5.v20130815.jar:9.0.5.v20130815]
	at org.eclipse.jetty.server.session.SessionHandler.doScope(SessionHandler.java:175) [jetty-server-9.0.5.v20130815.jar:9.0.5.v20130815]
	at org.eclipse.jetty.server.handler.ContextHandler.doScope(ContextHandler.java:1030) [jetty-server-9.0.5.v20130815.jar:9.0.5.v20130815]
	at org.eclipse.jetty.server.handler.ScopedHandler.handle(ScopedHandler.java:136) [jetty-server-9.0.5.v20130815.jar:9.0.5.v20130815]
	at org.eclipse.jetty.server.handler.HandlerList.handle(HandlerList.java:52) [jetty-server-9.0.5.v20130815.jar:9.0.5.v20130815]
	at org.eclipse.jetty.server.handler.HandlerWrapper.handle(HandlerWrapper.java:97) [jetty-server-9.0.5.v20130815.jar:9.0.5.v20130815]
	at org.eclipse.jetty.server.Server.handle(Server.java:445) [jetty-server-9.0.5.v20130815.jar:9.0.5.v20130815]
	at org.eclipse.jetty.server.HttpChannel.handle(HttpChannel.java:268) [jetty-server-9.0.5.v20130815.jar:9.0.5.v20130815]
	at org.eclipse.jetty.server.HttpConnection.onFillable(HttpConnection.java:229) [jetty-server-9.0.5.v20130815.jar:9.0.5.v20130815]
	at org.eclipse.jetty.io.AbstractConnection$ReadCallback.run(AbstractConnection.java:358) [jetty-io-9.0.5.v20130815.jar:9.0.5.v20130815]
	at org.eclipse.jetty.util.thread.QueuedThreadPool.runJob(QueuedThreadPool.java:601) [jetty-util-9.0.5.v20130815.jar:9.0.5.v20130815]
	at org.eclipse.jetty.util.thread.QueuedThreadPool$3.run(QueuedThreadPool.java:532) [jetty-util-9.0.5.v20130815.jar:9.0.5.v20130815]
	at java.lang.Thread.run(Thread.java:745) [na:1.8.0_05]
02:20:14.220 [qtp1678623942-110] WARN  o.e.jetty.servlet.ServletHandler - Error for /db/data/transaction/commit
org.neo4j.helpers.ThisShouldNotHappenError: Developer: Andres claims that: Need something with properties
	at org.neo4j.cypher.internal.compiler.v2_0.commands.expressions.Property.apply(Property.scala:42) ~[neo4j-cypher-compiler-2.0-2.0.1.jar:2.0.1]
	at org.neo4j.cypher.internal.compiler.v2_0.pipes.ExtractPipe$$anonfun$3$$anonfun$apply$2.apply(ExtractPipe.scala:63) ~[neo4j-cypher-compiler-2.0-2.0.1.jar:2.0.1]
	at org.neo4j.cypher.internal.compiler.v2_0.pipes.ExtractPipe$$anonfun$3$$anonfun$apply$2.apply(ExtractPipe.scala:61) ~[neo4j-cypher-compiler-2.0-2.0.1.jar:2.0.1]
	at scala.collection.immutable.Map$Map1.foreach(Map.scala:109) ~[scala-library-2.10.3.jar:na]
	at org.neo4j.cypher.internal.compiler.v2_0.pipes.ExtractPipe$$anonfun$3.apply(ExtractPipe.scala:61) ~[neo4j-cypher-compiler-2.0-2.0.1.jar:2.0.1]
	at org.neo4j.cypher.internal.compiler.v2_0.pipes.ExtractPipe$$anonfun$3.apply(ExtractPipe.scala:60) ~[neo4j-cypher-compiler-2.0-2.0.1.jar:2.0.1]
	at org.neo4j.cypher.internal.compiler.v2_0.pipes.ExtractPipe$$anonfun$internalCreateResults$1.apply(ExtractPipe.scala:83) ~[neo4j-cypher-compiler-2.0-2.0.1.jar:2.0.1]
	at org.neo4j.cypher.internal.compiler.v2_0.pipes.ExtractPipe$$anonfun$internalCreateResults$1.apply(ExtractPipe.scala:83) ~[neo4j-cypher-compiler-2.0-2.0.1.jar:2.0.1]
	at scala.collection.Iterator$$anon$11.next(Iterator.scala:328) ~[scala-library-2.10.3.jar:na]
	at scala.collection.Iterator$$anon$11.next(Iterator.scala:328) ~[scala-library-2.10.3.jar:na]
	at org.neo4j.cypher.internal.compiler.v2_0.ClosingIterator$$anonfun$next$1.apply(ClosingIterator.scala:46) ~[neo4j-cypher-compiler-2.0-2.0.1.jar:2.0.1]
	at org.neo4j.cypher.internal.compiler.v2_0.ClosingIterator$$anonfun$next$1.apply(ClosingIterator.scala:45) ~[neo4j-cypher-compiler-2.0-2.0.1.jar:2.0.1]
	at org.neo4j.cypher.internal.compiler.v2_0.ClosingIterator.failIfThrows(ClosingIterator.scala:91) ~[neo4j-cypher-compiler-2.0-2.0.1.jar:2.0.1]
	at org.neo4j.cypher.internal.compiler.v2_0.ClosingIterator.next(ClosingIterator.scala:45) ~[neo4j-cypher-compiler-2.0-2.0.1.jar:2.0.1]
	at org.neo4j.cypher.internal.compiler.v2_0.PipeExecutionResult.next(PipeExecutionResult.scala:168) ~[neo4j-cypher-compiler-2.0-2.0.1.jar:2.0.1]
	at org.neo4j.cypher.internal.compiler.v2_0.PipeExecutionResult.next(PipeExecutionResult.scala:34) ~[neo4j-cypher-compiler-2.0-2.0.1.jar:2.0.1]
	at scala.collection.Iterator$$anon$11.next(Iterator.scala:328) ~[scala-library-2.10.3.jar:na]
	at scala.collection.convert.Wrappers$IteratorWrapper.next(Wrappers.scala:30) ~[scala-library-2.10.3.jar:na]
	at org.neo4j.cypher.internal.compiler.v2_0.PipeExecutionResult$$anon$1.next(PipeExecutionResult.scala:76) ~[neo4j-cypher-compiler-2.0-2.0.1.jar:2.0.1]
	at org.neo4j.server.rest.transactional.ExecutionResultSerializer.writeRows(ExecutionResultSerializer.java:293) ~[neo4j-server-2.0.1.jar:2.0.1]
	at org.neo4j.server.rest.transactional.ExecutionResultSerializer.statementResult(ExecutionResultSerializer.java:103) ~[neo4j-server-2.0.1.jar:2.0.1]
	at org.neo4j.server.rest.transactional.TransactionHandle.executeStatements(TransactionHandle.java:251) ~[neo4j-server-2.0.1.jar:2.0.1]
	at org.neo4j.server.rest.transactional.TransactionHandle.commit(TransactionHandle.java:189) ~[neo4j-server-2.0.1.jar:2.0.1]
	at org.neo4j.server.rest.transactional.TransactionHandle.commit(TransactionHandle.java:109) ~[neo4j-server-2.0.1.jar:2.0.1]
	at org.neo4j.server.rest.web.TransactionalService$2.write(TransactionalService.java:198) ~[neo4j-server-2.0.1.jar:2.0.1]
	at com.sun.jersey.core.impl.provider.entity.StreamingOutputProvider.writeTo(StreamingOutputProvider.java:71) ~[jersey-core-1.9.jar:1.9]
	at com.sun.jersey.core.impl.provider.entity.StreamingOutputProvider.writeTo(StreamingOutputProvider.java:57) ~[jersey-core-1.9.jar:1.9]
	at com.sun.jersey.spi.container.ContainerResponse.write(ContainerResponse.java:306) ~[jersey-server-1.9.jar:1.9]
	at com.sun.jersey.server.impl.application.WebApplicationImpl._handleRequest(WebApplicationImpl.java:1437) ~[jersey-server-1.9.jar:1.9]
	at com.sun.jersey.server.impl.application.WebApplicationImpl.handleRequest(WebApplicationImpl.java:1349) ~[jersey-server-1.9.jar:1.9]
	at com.sun.jersey.server.impl.application.WebApplicationImpl.handleRequest(WebApplicationImpl.java:1339) ~[jersey-server-1.9.jar:1.9]
	at com.sun.jersey.spi.container.servlet.WebComponent.service(WebComponent.java:416) ~[jersey-server-1.9.jar:1.9]
	at com.sun.jersey.spi.container.servlet.ServletContainer.service(ServletContainer.java:537) ~[jersey-server-1.9.jar:1.9]
	at com.sun.jersey.spi.container.servlet.ServletContainer.service(ServletContainer.java:699) ~[jersey-server-1.9.jar:1.9]
	at javax.servlet.http.HttpServlet.service(HttpServlet.java:848) ~[javax.servlet-3.0.0.v201112011016.jar:na]
	at org.eclipse.jetty.servlet.ServletHolder.handle(ServletHolder.java:698) ~[jetty-servlet-9.0.5.v20130815.jar:9.0.5.v20130815]
	at org.eclipse.jetty.servlet.ServletHandler$CachedChain.doFilter(ServletHandler.java:1506) ~[jetty-servlet-9.0.5.v20130815.jar:9.0.5.v20130815]
	at org.neo4j.server.rest.security.SecurityFilter.doFilter(SecurityFilter.java:112) ~[neo4j-server-2.0.1.jar:2.0.1]
	at org.eclipse.jetty.servlet.ServletHandler$CachedChain.doFilter(ServletHandler.java:1477) ~[jetty-servlet-9.0.5.v20130815.jar:9.0.5.v20130815]
	at org.eclipse.jetty.servlet.ServletHandler.doHandle(ServletHandler.java:503) [jetty-servlet-9.0.5.v20130815.jar:9.0.5.v20130815]
	at org.eclipse.jetty.server.session.SessionHandler.doHandle(SessionHandler.java:211) [jetty-server-9.0.5.v20130815.jar:9.0.5.v20130815]
	at org.eclipse.jetty.server.handler.ContextHandler.doHandle(ContextHandler.java:1096) [jetty-server-9.0.5.v20130815.jar:9.0.5.v20130815]
	at org.eclipse.jetty.servlet.ServletHandler.doScope(ServletHandler.java:432) [jetty-servlet-9.0.5.v20130815.jar:9.0.5.v20130815]
	at org.eclipse.jetty.server.session.SessionHandler.doScope(SessionHandler.java:175) [jetty-server-9.0.5.v20130815.jar:9.0.5.v20130815]
	at org.eclipse.jetty.server.handler.ContextHandler.doScope(ContextHandler.java:1030) [jetty-server-9.0.5.v20130815.jar:9.0.5.v20130815]
	at org.eclipse.jetty.server.handler.ScopedHandler.handle(ScopedHandler.java:136) [jetty-server-9.0.5.v20130815.jar:9.0.5.v20130815]
	at org.eclipse.jetty.server.handler.HandlerList.handle(HandlerList.java:52) [jetty-server-9.0.5.v20130815.jar:9.0.5.v20130815]
	at org.eclipse.jetty.server.handler.HandlerWrapper.handle(HandlerWrapper.java:97) [jetty-server-9.0.5.v20130815.jar:9.0.5.v20130815]
	at org.eclipse.jetty.server.Server.handle(Server.java:445) [jetty-server-9.0.5.v20130815.jar:9.0.5.v20130815]
	at org.eclipse.jetty.server.HttpChannel.handle(HttpChannel.java:268) [jetty-server-9.0.5.v20130815.jar:9.0.5.v20130815]
	at org.eclipse.jetty.server.HttpConnection.onFillable(HttpConnection.java:229) [jetty-server-9.0.5.v20130815.jar:9.0.5.v20130815]
	at org.eclipse.jetty.io.AbstractConnection$ReadCallback.run(AbstractConnection.java:358) [jetty-io-9.0.5.v20130815.jar:9.0.5.v20130815]
	at org.eclipse.jetty.util.thread.QueuedThreadPool.runJob(QueuedThreadPool.java:601) [jetty-util-9.0.5.v20130815.jar:9.0.5.v20130815]
	at org.eclipse.jetty.util.thread.QueuedThreadPool$3.run(QueuedThreadPool.java:532) [jetty-util-9.0.5.v20130815.jar:9.0.5.v20130815]
	at java.lang.Thread.run(Thread.java:745) [na:1.8.0_05]
02:51:06.000 [qtp1678623942-148] WARN  o.e.jetty.servlet.ServletHandler - Error for /db/data/transaction/commit
org.neo4j.helpers.ThisShouldNotHappenError: Developer: Andres claims that: Aggregations should not be used like this.
	at org.neo4j.cypher.internal.compiler.v2_0.commands.expressions.AggregationExpression.apply(AggregationExpression.scala:31) ~[neo4j-cypher-compiler-2.0-2.0.1.jar:2.0.1]
	at org.neo4j.cypher.internal.compiler.v2_0.commands.expressions.AggregationExpression.apply(AggregationExpression.scala:29) ~[neo4j-cypher-compiler-2.0-2.0.1.jar:2.0.1]
	at org.neo4j.cypher.internal.compiler.v2_0.pipes.ExtractPipe$$anonfun$4$$anonfun$apply$3.apply(ExtractPipe.scala:71) ~[neo4j-cypher-compiler-2.0-2.0.1.jar:2.0.1]
	at org.neo4j.cypher.internal.compiler.v2_0.pipes.ExtractPipe$$anonfun$4$$anonfun$apply$3.apply(ExtractPipe.scala:69) ~[neo4j-cypher-compiler-2.0-2.0.1.jar:2.0.1]
	at scala.collection.immutable.HashMap$HashMap1.foreach(HashMap.scala:224) ~[scala-library-2.10.3.jar:na]
	at scala.collection.immutable.HashMap$HashTrieMap.foreach(HashMap.scala:403) ~[scala-library-2.10.3.jar:na]
	at org.neo4j.cypher.internal.compiler.v2_0.pipes.ExtractPipe$$anonfun$4.apply(ExtractPipe.scala:69) ~[neo4j-cypher-compiler-2.0-2.0.1.jar:2.0.1]
	at org.neo4j.cypher.internal.compiler.v2_0.pipes.ExtractPipe$$anonfun$4.apply(ExtractPipe.scala:67) ~[neo4j-cypher-compiler-2.0-2.0.1.jar:2.0.1]
	at org.neo4j.cypher.internal.compiler.v2_0.pipes.ExtractPipe$$anonfun$internalCreateResults$1.apply(ExtractPipe.scala:83) ~[neo4j-cypher-compiler-2.0-2.0.1.jar:2.0.1]
	at org.neo4j.cypher.internal.compiler.v2_0.pipes.ExtractPipe$$anonfun$internalCreateResults$1.apply(ExtractPipe.scala:83) ~[neo4j-cypher-compiler-2.0-2.0.1.jar:2.0.1]
	at scala.collection.Iterator$$anon$11.next(Iterator.scala:328) ~[scala-library-2.10.3.jar:na]
	at scala.collection.Iterator$$anon$11.next(Iterator.scala:328) ~[scala-library-2.10.3.jar:na]
	at scala.collection.Iterator$$anon$11.next(Iterator.scala:328) ~[scala-library-2.10.3.jar:na]
	at scala.collection.Iterator$$anon$11.next(Iterator.scala:328) ~[scala-library-2.10.3.jar:na]
	at org.neo4j.cypher.internal.compiler.v2_0.ClosingIterator$$anonfun$next$1.apply(ClosingIterator.scala:46) ~[neo4j-cypher-compiler-2.0-2.0.1.jar:2.0.1]
	at org.neo4j.cypher.internal.compiler.v2_0.ClosingIterator$$anonfun$next$1.apply(ClosingIterator.scala:45) ~[neo4j-cypher-compiler-2.0-2.0.1.jar:2.0.1]
	at org.neo4j.cypher.internal.compiler.v2_0.ClosingIterator.failIfThrows(ClosingIterator.scala:91) ~[neo4j-cypher-compiler-2.0-2.0.1.jar:2.0.1]
	at org.neo4j.cypher.internal.compiler.v2_0.ClosingIterator.next(ClosingIterator.scala:45) ~[neo4j-cypher-compiler-2.0-2.0.1.jar:2.0.1]
	at org.neo4j.cypher.internal.compiler.v2_0.PipeExecutionResult.next(PipeExecutionResult.scala:168) ~[neo4j-cypher-compiler-2.0-2.0.1.jar:2.0.1]
	at org.neo4j.cypher.internal.compiler.v2_0.PipeExecutionResult.next(PipeExecutionResult.scala:34) ~[neo4j-cypher-compiler-2.0-2.0.1.jar:2.0.1]
	at scala.collection.Iterator$$anon$11.next(Iterator.scala:328) ~[scala-library-2.10.3.jar:na]
	at scala.collection.convert.Wrappers$IteratorWrapper.next(Wrappers.scala:30) ~[scala-library-2.10.3.jar:na]
	at org.neo4j.cypher.internal.compiler.v2_0.PipeExecutionResult$$anon$1.next(PipeExecutionResult.scala:76) ~[neo4j-cypher-compiler-2.0-2.0.1.jar:2.0.1]
	at org.neo4j.server.rest.transactional.ExecutionResultSerializer.writeRows(ExecutionResultSerializer.java:293) ~[neo4j-server-2.0.1.jar:2.0.1]
	at org.neo4j.server.rest.transactional.ExecutionResultSerializer.statementResult(ExecutionResultSerializer.java:103) ~[neo4j-server-2.0.1.jar:2.0.1]
	at org.neo4j.server.rest.transactional.TransactionHandle.executeStatements(TransactionHandle.java:251) ~[neo4j-server-2.0.1.jar:2.0.1]
	at org.neo4j.server.rest.transactional.TransactionHandle.commit(TransactionHandle.java:189) ~[neo4j-server-2.0.1.jar:2.0.1]
	at org.neo4j.server.rest.transactional.TransactionHandle.commit(TransactionHandle.java:109) ~[neo4j-server-2.0.1.jar:2.0.1]
	at org.neo4j.server.rest.web.TransactionalService$2.write(TransactionalService.java:198) ~[neo4j-server-2.0.1.jar:2.0.1]
	at com.sun.jersey.core.impl.provider.entity.StreamingOutputProvider.writeTo(StreamingOutputProvider.java:71) ~[jersey-core-1.9.jar:1.9]
	at com.sun.jersey.core.impl.provider.entity.StreamingOutputProvider.writeTo(StreamingOutputProvider.java:57) ~[jersey-core-1.9.jar:1.9]
	at com.sun.jersey.spi.container.ContainerResponse.write(ContainerResponse.java:306) ~[jersey-server-1.9.jar:1.9]
	at com.sun.jersey.server.impl.application.WebApplicationImpl._handleRequest(WebApplicationImpl.java:1437) ~[jersey-server-1.9.jar:1.9]
	at com.sun.jersey.server.impl.application.WebApplicationImpl.handleRequest(WebApplicationImpl.java:1349) ~[jersey-server-1.9.jar:1.9]
	at com.sun.jersey.server.impl.application.WebApplicationImpl.handleRequest(WebApplicationImpl.java:1339) ~[jersey-server-1.9.jar:1.9]
	at com.sun.jersey.spi.container.servlet.WebComponent.service(WebComponent.java:416) ~[jersey-server-1.9.jar:1.9]
	at com.sun.jersey.spi.container.servlet.ServletContainer.service(ServletContainer.java:537) ~[jersey-server-1.9.jar:1.9]
	at com.sun.jersey.spi.container.servlet.ServletContainer.service(ServletContainer.java:699) ~[jersey-server-1.9.jar:1.9]
	at javax.servlet.http.HttpServlet.service(HttpServlet.java:848) ~[javax.servlet-3.0.0.v201112011016.jar:na]
	at org.eclipse.jetty.servlet.ServletHolder.handle(ServletHolder.java:698) ~[jetty-servlet-9.0.5.v20130815.jar:9.0.5.v20130815]
	at org.eclipse.jetty.servlet.ServletHandler$CachedChain.doFilter(ServletHandler.java:1506) ~[jetty-servlet-9.0.5.v20130815.jar:9.0.5.v20130815]
	at org.neo4j.server.rest.security.SecurityFilter.doFilter(SecurityFilter.java:112) ~[neo4j-server-2.0.1.jar:2.0.1]
	at org.eclipse.jetty.servlet.ServletHandler$CachedChain.doFilter(ServletHandler.java:1477) ~[jetty-servlet-9.0.5.v20130815.jar:9.0.5.v20130815]
	at org.eclipse.jetty.servlet.ServletHandler.doHandle(ServletHandler.java:503) [jetty-servlet-9.0.5.v20130815.jar:9.0.5.v20130815]
	at org.eclipse.jetty.server.session.SessionHandler.doHandle(SessionHandler.java:211) [jetty-server-9.0.5.v20130815.jar:9.0.5.v20130815]
	at org.eclipse.jetty.server.handler.ContextHandler.doHandle(ContextHandler.java:1096) [jetty-server-9.0.5.v20130815.jar:9.0.5.v20130815]
	at org.eclipse.jetty.servlet.ServletHandler.doScope(ServletHandler.java:432) [jetty-servlet-9.0.5.v20130815.jar:9.0.5.v20130815]
	at org.eclipse.jetty.server.session.SessionHandler.doScope(SessionHandler.java:175) [jetty-server-9.0.5.v20130815.jar:9.0.5.v20130815]
	at org.eclipse.jetty.server.handler.ContextHandler.doScope(ContextHandler.java:1030) [jetty-server-9.0.5.v20130815.jar:9.0.5.v20130815]
	at org.eclipse.jetty.server.handler.ScopedHandler.handle(ScopedHandler.java:136) [jetty-server-9.0.5.v20130815.jar:9.0.5.v20130815]
	at org.eclipse.jetty.server.handler.HandlerList.handle(HandlerList.java:52) [jetty-server-9.0.5.v20130815.jar:9.0.5.v20130815]
	at org.eclipse.jetty.server.handler.HandlerWrapper.handle(HandlerWrapper.java:97) [jetty-server-9.0.5.v20130815.jar:9.0.5.v20130815]
	at org.eclipse.jetty.server.Server.handle(Server.java:445) [jetty-server-9.0.5.v20130815.jar:9.0.5.v20130815]
	at org.eclipse.jetty.server.HttpChannel.handle(HttpChannel.java:268) [jetty-server-9.0.5.v20130815.jar:9.0.5.v20130815]
	at org.eclipse.jetty.server.HttpConnection.onFillable(HttpConnection.java:229) [jetty-server-9.0.5.v20130815.jar:9.0.5.v20130815]
	at org.eclipse.jetty.io.AbstractConnection$ReadCallback.run(AbstractConnection.java:358) [jetty-io-9.0.5.v20130815.jar:9.0.5.v20130815]
	at org.eclipse.jetty.util.thread.QueuedThreadPool.runJob(QueuedThreadPool.java:601) [jetty-util-9.0.5.v20130815.jar:9.0.5.v20130815]
	at org.eclipse.jetty.util.thread.QueuedThreadPool$3.run(QueuedThreadPool.java:532) [jetty-util-9.0.5.v20130815.jar:9.0.5.v20130815]
	at java.lang.Thread.run(Thread.java:745) [na:1.8.0_05]
02:52:02.094 [qtp1678623942-141] WARN  o.e.jetty.servlet.ServletHandler - Error for /db/data/transaction/commit
org.neo4j.helpers.ThisShouldNotHappenError: Developer: Andres claims that: Aggregations should not be used like this.
	at org.neo4j.cypher.internal.compiler.v2_0.commands.expressions.AggregationExpression.apply(AggregationExpression.scala:31) ~[neo4j-cypher-compiler-2.0-2.0.1.jar:2.0.1]
	at org.neo4j.cypher.internal.compiler.v2_0.commands.expressions.AggregationExpression.apply(AggregationExpression.scala:29) ~[neo4j-cypher-compiler-2.0-2.0.1.jar:2.0.1]
	at org.neo4j.cypher.internal.compiler.v2_0.pipes.ExtractPipe$$anonfun$4$$anonfun$apply$3.apply(ExtractPipe.scala:71) ~[neo4j-cypher-compiler-2.0-2.0.1.jar:2.0.1]
	at org.neo4j.cypher.internal.compiler.v2_0.pipes.ExtractPipe$$anonfun$4$$anonfun$apply$3.apply(ExtractPipe.scala:69) ~[neo4j-cypher-compiler-2.0-2.0.1.jar:2.0.1]
	at scala.collection.immutable.HashMap$HashMap1.foreach(HashMap.scala:224) ~[scala-library-2.10.3.jar:na]
	at scala.collection.immutable.HashMap$HashTrieMap.foreach(HashMap.scala:403) ~[scala-library-2.10.3.jar:na]
	at org.neo4j.cypher.internal.compiler.v2_0.pipes.ExtractPipe$$anonfun$4.apply(ExtractPipe.scala:69) ~[neo4j-cypher-compiler-2.0-2.0.1.jar:2.0.1]
	at org.neo4j.cypher.internal.compiler.v2_0.pipes.ExtractPipe$$anonfun$4.apply(ExtractPipe.scala:67) ~[neo4j-cypher-compiler-2.0-2.0.1.jar:2.0.1]
	at org.neo4j.cypher.internal.compiler.v2_0.pipes.ExtractPipe$$anonfun$internalCreateResults$1.apply(ExtractPipe.scala:83) ~[neo4j-cypher-compiler-2.0-2.0.1.jar:2.0.1]
	at org.neo4j.cypher.internal.compiler.v2_0.pipes.ExtractPipe$$anonfun$internalCreateResults$1.apply(ExtractPipe.scala:83) ~[neo4j-cypher-compiler-2.0-2.0.1.jar:2.0.1]
	at scala.collection.Iterator$$anon$11.next(Iterator.scala:328) ~[scala-library-2.10.3.jar:na]
	at scala.collection.Iterator$$anon$11.next(Iterator.scala:328) ~[scala-library-2.10.3.jar:na]
	at scala.collection.Iterator$$anon$11.next(Iterator.scala:328) ~[scala-library-2.10.3.jar:na]
	at scala.collection.Iterator$$anon$11.next(Iterator.scala:328) ~[scala-library-2.10.3.jar:na]
	at org.neo4j.cypher.internal.compiler.v2_0.ClosingIterator$$anonfun$next$1.apply(ClosingIterator.scala:46) ~[neo4j-cypher-compiler-2.0-2.0.1.jar:2.0.1]
	at org.neo4j.cypher.internal.compiler.v2_0.ClosingIterator$$anonfun$next$1.apply(ClosingIterator.scala:45) ~[neo4j-cypher-compiler-2.0-2.0.1.jar:2.0.1]
	at org.neo4j.cypher.internal.compiler.v2_0.ClosingIterator.failIfThrows(ClosingIterator.scala:91) ~[neo4j-cypher-compiler-2.0-2.0.1.jar:2.0.1]
	at org.neo4j.cypher.internal.compiler.v2_0.ClosingIterator.next(ClosingIterator.scala:45) ~[neo4j-cypher-compiler-2.0-2.0.1.jar:2.0.1]
	at org.neo4j.cypher.internal.compiler.v2_0.PipeExecutionResult.next(PipeExecutionResult.scala:168) ~[neo4j-cypher-compiler-2.0-2.0.1.jar:2.0.1]
	at org.neo4j.cypher.internal.compiler.v2_0.PipeExecutionResult.next(PipeExecutionResult.scala:34) ~[neo4j-cypher-compiler-2.0-2.0.1.jar:2.0.1]
	at scala.collection.Iterator$$anon$11.next(Iterator.scala:328) ~[scala-library-2.10.3.jar:na]
	at scala.collection.convert.Wrappers$IteratorWrapper.next(Wrappers.scala:30) ~[scala-library-2.10.3.jar:na]
	at org.neo4j.cypher.internal.compiler.v2_0.PipeExecutionResult$$anon$1.next(PipeExecutionResult.scala:76) ~[neo4j-cypher-compiler-2.0-2.0.1.jar:2.0.1]
	at org.neo4j.server.rest.transactional.ExecutionResultSerializer.writeRows(ExecutionResultSerializer.java:293) ~[neo4j-server-2.0.1.jar:2.0.1]
	at org.neo4j.server.rest.transactional.ExecutionResultSerializer.statementResult(ExecutionResultSerializer.java:103) ~[neo4j-server-2.0.1.jar:2.0.1]
	at org.neo4j.server.rest.transactional.TransactionHandle.executeStatements(TransactionHandle.java:251) ~[neo4j-server-2.0.1.jar:2.0.1]
	at org.neo4j.server.rest.transactional.TransactionHandle.commit(TransactionHandle.java:189) ~[neo4j-server-2.0.1.jar:2.0.1]
	at org.neo4j.server.rest.transactional.TransactionHandle.commit(TransactionHandle.java:109) ~[neo4j-server-2.0.1.jar:2.0.1]
	at org.neo4j.server.rest.web.TransactionalService$2.write(TransactionalService.java:198) ~[neo4j-server-2.0.1.jar:2.0.1]
	at com.sun.jersey.core.impl.provider.entity.StreamingOutputProvider.writeTo(StreamingOutputProvider.java:71) ~[jersey-core-1.9.jar:1.9]
	at com.sun.jersey.core.impl.provider.entity.StreamingOutputProvider.writeTo(StreamingOutputProvider.java:57) ~[jersey-core-1.9.jar:1.9]
	at com.sun.jersey.spi.container.ContainerResponse.write(ContainerResponse.java:306) ~[jersey-server-1.9.jar:1.9]
	at com.sun.jersey.server.impl.application.WebApplicationImpl._handleRequest(WebApplicationImpl.java:1437) ~[jersey-server-1.9.jar:1.9]
	at com.sun.jersey.server.impl.application.WebApplicationImpl.handleRequest(WebApplicationImpl.java:1349) ~[jersey-server-1.9.jar:1.9]
	at com.sun.jersey.server.impl.application.WebApplicationImpl.handleRequest(WebApplicationImpl.java:1339) ~[jersey-server-1.9.jar:1.9]
	at com.sun.jersey.spi.container.servlet.WebComponent.service(WebComponent.java:416) ~[jersey-server-1.9.jar:1.9]
	at com.sun.jersey.spi.container.servlet.ServletContainer.service(ServletContainer.java:537) ~[jersey-server-1.9.jar:1.9]
	at com.sun.jersey.spi.container.servlet.ServletContainer.service(ServletContainer.java:699) ~[jersey-server-1.9.jar:1.9]
	at javax.servlet.http.HttpServlet.service(HttpServlet.java:848) ~[javax.servlet-3.0.0.v201112011016.jar:na]
	at org.eclipse.jetty.servlet.ServletHolder.handle(ServletHolder.java:698) ~[jetty-servlet-9.0.5.v20130815.jar:9.0.5.v20130815]
	at org.eclipse.jetty.servlet.ServletHandler$CachedChain.doFilter(ServletHandler.java:1506) ~[jetty-servlet-9.0.5.v20130815.jar:9.0.5.v20130815]
	at org.neo4j.server.rest.security.SecurityFilter.doFilter(SecurityFilter.java:112) ~[neo4j-server-2.0.1.jar:2.0.1]
	at org.eclipse.jetty.servlet.ServletHandler$CachedChain.doFilter(ServletHandler.java:1477) ~[jetty-servlet-9.0.5.v20130815.jar:9.0.5.v20130815]
	at org.eclipse.jetty.servlet.ServletHandler.doHandle(ServletHandler.java:503) [jetty-servlet-9.0.5.v20130815.jar:9.0.5.v20130815]
	at org.eclipse.jetty.server.session.SessionHandler.doHandle(SessionHandler.java:211) [jetty-server-9.0.5.v20130815.jar:9.0.5.v20130815]
	at org.eclipse.jetty.server.handler.ContextHandler.doHandle(ContextHandler.java:1096) [jetty-server-9.0.5.v20130815.jar:9.0.5.v20130815]
	at org.eclipse.jetty.servlet.ServletHandler.doScope(ServletHandler.java:432) [jetty-servlet-9.0.5.v20130815.jar:9.0.5.v20130815]
	at org.eclipse.jetty.server.session.SessionHandler.doScope(SessionHandler.java:175) [jetty-server-9.0.5.v20130815.jar:9.0.5.v20130815]
	at org.eclipse.jetty.server.handler.ContextHandler.doScope(ContextHandler.java:1030) [jetty-server-9.0.5.v20130815.jar:9.0.5.v20130815]
	at org.eclipse.jetty.server.handler.ScopedHandler.handle(ScopedHandler.java:136) [jetty-server-9.0.5.v20130815.jar:9.0.5.v20130815]
	at org.eclipse.jetty.server.handler.HandlerList.handle(HandlerList.java:52) [jetty-server-9.0.5.v20130815.jar:9.0.5.v20130815]
	at org.eclipse.jetty.server.handler.HandlerWrapper.handle(HandlerWrapper.java:97) [jetty-server-9.0.5.v20130815.jar:9.0.5.v20130815]
	at org.eclipse.jetty.server.Server.handle(Server.java:445) [jetty-server-9.0.5.v20130815.jar:9.0.5.v20130815]
	at org.eclipse.jetty.server.HttpChannel.handle(HttpChannel.java:268) [jetty-server-9.0.5.v20130815.jar:9.0.5.v20130815]
	at org.eclipse.jetty.server.HttpConnection.onFillable(HttpConnection.java:229) [jetty-server-9.0.5.v20130815.jar:9.0.5.v20130815]
	at org.eclipse.jetty.io.AbstractConnection$ReadCallback.run(AbstractConnection.java:358) [jetty-io-9.0.5.v20130815.jar:9.0.5.v20130815]
	at org.eclipse.jetty.util.thread.QueuedThreadPool.runJob(QueuedThreadPool.java:601) [jetty-util-9.0.5.v20130815.jar:9.0.5.v20130815]
	at org.eclipse.jetty.util.thread.QueuedThreadPool$3.run(QueuedThreadPool.java:532) [jetty-util-9.0.5.v20130815.jar:9.0.5.v20130815]
	at java.lang.Thread.run(Thread.java:745) [na:1.8.0_05]
