2014-04-20 00:35:16.051+0000 INFO  [o.n.k.i.DiagnosticsManager]: --- INITIALIZED diagnostics START ---
2014-04-20 00:35:16.052+0000 INFO  [o.n.k.i.DiagnosticsManager]: Neo4j Kernel properties:
2014-04-20 00:35:16.055+0000 INFO  [o.n.k.i.DiagnosticsManager]: neostore.propertystore.db.strings.mapped_memory=1092M
2014-04-20 00:35:16.055+0000 INFO  [o.n.k.i.DiagnosticsManager]: neo_store=/Volumes/SAMSUNG/test_project/readers_door/neo4j/data/graph.db/neostore
2014-04-20 00:35:16.055+0000 INFO  [o.n.k.i.DiagnosticsManager]: ephemeral=false
2014-04-20 00:35:16.055+0000 INFO  [o.n.k.i.DiagnosticsManager]: neostore.nodestore.db.mapped_memory=357M
2014-04-20 00:35:16.056+0000 INFO  [o.n.k.i.DiagnosticsManager]: store_dir=/Volumes/SAMSUNG/test_project/readers_door/neo4j/data/graph.db
2014-04-20 00:35:16.081+0000 INFO  [o.n.k.i.DiagnosticsManager]: neostore.propertystore.db.arrays.mapped_memory=1238M
2014-04-20 00:35:16.081+0000 INFO  [o.n.k.i.DiagnosticsManager]: keep_logical_logs=true
2014-04-20 00:35:16.081+0000 INFO  [o.n.k.i.DiagnosticsManager]: neostore.propertystore.db.mapped_memory=1285M
2014-04-20 00:35:16.081+0000 INFO  [o.n.k.i.DiagnosticsManager]: neostore.relationshipstore.db.mapped_memory=1575M
2014-04-20 00:35:16.083+0000 INFO  [o.n.k.i.DiagnosticsManager]: Diagnostics providers:
2014-04-20 00:35:16.084+0000 INFO  [o.n.k.i.DiagnosticsManager]: org.neo4j.kernel.configuration.Config
2014-04-20 00:35:16.084+0000 INFO  [o.n.k.i.DiagnosticsManager]: org.neo4j.kernel.info.DiagnosticsManager
2014-04-20 00:35:16.084+0000 INFO  [o.n.k.i.DiagnosticsManager]: SYSTEM_MEMORY
2014-04-20 00:35:16.084+0000 INFO  [o.n.k.i.DiagnosticsManager]: JAVA_MEMORY
2014-04-20 00:35:16.084+0000 INFO  [o.n.k.i.DiagnosticsManager]: OPERATING_SYSTEM
2014-04-20 00:35:16.084+0000 INFO  [o.n.k.i.DiagnosticsManager]: JAVA_VIRTUAL_MACHINE
2014-04-20 00:35:16.084+0000 INFO  [o.n.k.i.DiagnosticsManager]: CLASSPATH
2014-04-20 00:35:16.084+0000 INFO  [o.n.k.i.DiagnosticsManager]: LIBRARY_PATH
2014-04-20 00:35:16.084+0000 INFO  [o.n.k.i.DiagnosticsManager]: SYSTEM_PROPERTIES
2014-04-20 00:35:16.084+0000 INFO  [o.n.k.i.DiagnosticsManager]: NETWORK
2014-04-20 00:35:16.085+0000 INFO  [o.n.k.i.DiagnosticsManager]: System memory information:
2014-04-20 00:35:16.087+0000 INFO  [o.n.k.i.DiagnosticsManager]: Total Physical memory: 16.00 GB
2014-04-20 00:35:16.087+0000 INFO  [o.n.k.i.DiagnosticsManager]: Free Physical memory: 4.49 GB
2014-04-20 00:35:16.088+0000 INFO  [o.n.k.i.DiagnosticsManager]: Committed virtual memory: 7.81 GB
2014-04-20 00:35:16.089+0000 INFO  [o.n.k.i.DiagnosticsManager]: Total swap space: 1.00 GB
2014-04-20 00:35:16.089+0000 INFO  [o.n.k.i.DiagnosticsManager]: Free swap space: 1.00 GB
2014-04-20 00:35:16.090+0000 INFO  [o.n.k.i.DiagnosticsManager]: JVM memory information:
2014-04-20 00:35:16.090+0000 INFO  [o.n.k.i.DiagnosticsManager]: Free  memory: 249.30 MB
2014-04-20 00:35:16.090+0000 INFO  [o.n.k.i.DiagnosticsManager]: Total memory: 255.88 MB
2014-04-20 00:35:16.090+0000 INFO  [o.n.k.i.DiagnosticsManager]: Max   memory: 3.94 GB
2014-04-20 00:35:16.092+0000 INFO  [o.n.k.i.DiagnosticsManager]: Garbage Collector: ParNew: [Par Eden Space, Par Survivor Space]
2014-04-20 00:35:16.092+0000 INFO  [o.n.k.i.DiagnosticsManager]: Garbage Collector: ConcurrentMarkSweep: [Par Eden Space, Par Survivor Space, CMS Old Gen]
2014-04-20 00:35:16.094+0000 INFO  [o.n.k.i.DiagnosticsManager]: Memory Pool: Code Cache (Non-heap memory): committed=3.06 MB, used=3.02 MB, max=240.00 MB, threshold=0.00 B
2014-04-20 00:35:16.094+0000 INFO  [o.n.k.i.DiagnosticsManager]: Memory Pool: Metaspace (Non-heap memory): committed=13.00 MB, used=12.58 MB, max=-1.00 B, threshold=0.00 B
2014-04-20 00:35:16.095+0000 INFO  [o.n.k.i.DiagnosticsManager]: Memory Pool: Compressed Class Space (Non-heap memory): committed=1.75 MB, used=1.64 MB, max=1.00 GB, threshold=0.00 B
2014-04-20 00:35:16.096+0000 INFO  [o.n.k.i.DiagnosticsManager]: Memory Pool: Par Eden Space (Heap memory): committed=1.00 MB, used=883.20 kB, max=532.56 MB, threshold=?
2014-04-20 00:35:16.096+0000 INFO  [o.n.k.i.DiagnosticsManager]: Memory Pool: Par Survivor Space (Heap memory): committed=128.00 kB, used=127.99 kB, max=66.50 MB, threshold=?
2014-04-20 00:35:16.097+0000 INFO  [o.n.k.i.DiagnosticsManager]: Memory Pool: CMS Old Gen (Heap memory): committed=254.75 MB, used=5.68 MB, max=3.35 GB, threshold=0.00 B
2014-04-20 00:35:16.097+0000 INFO  [o.n.k.i.DiagnosticsManager]: Operating system information:
2014-04-20 00:35:16.098+0000 INFO  [o.n.k.i.DiagnosticsManager]: Operating System: Mac OS X; version: 10.9.2; arch: x86_64; cpus: 8
2014-04-20 00:35:16.099+0000 INFO  [o.n.k.i.DiagnosticsManager]: Max number of file descriptors: 10240
2014-04-20 00:35:16.099+0000 INFO  [o.n.k.i.DiagnosticsManager]: Number of open file descriptors: 79
2014-04-20 00:35:16.100+0000 INFO  [o.n.k.i.DiagnosticsManager]: Process id: 16731@Bhuwan.local
2014-04-20 00:35:16.100+0000 INFO  [o.n.k.i.DiagnosticsManager]: Byte order: LITTLE_ENDIAN
2014-04-20 00:35:16.100+0000 INFO  [o.n.k.i.DiagnosticsManager]: Local timezone: Asia/Kolkata
2014-04-20 00:35:16.100+0000 INFO  [o.n.k.i.DiagnosticsManager]: JVM information:
2014-04-20 00:35:16.102+0000 INFO  [o.n.k.i.DiagnosticsManager]: VM Name: Java HotSpot(TM) 64-Bit Server VM
2014-04-20 00:35:16.102+0000 INFO  [o.n.k.i.DiagnosticsManager]: VM Vendor: Oracle Corporation
2014-04-20 00:35:16.102+0000 INFO  [o.n.k.i.DiagnosticsManager]: VM Version: 25.5-b02
2014-04-20 00:35:16.103+0000 INFO  [o.n.k.i.DiagnosticsManager]: JIT compiler: HotSpot 64-Bit Tiered Compilers
2014-04-20 00:35:16.103+0000 INFO  [o.n.k.i.DiagnosticsManager]: VM Arguments: [-XX:+DisableExplicitGC, -Dorg.neo4j.server.properties=conf/neo4j-server.properties, -Djava.util.logging.config.file=conf/logging.properties, -Dlog4j.configuration=file:conf/log4j.properties, -XX:+UseConcMarkSweepGC, -XX:+CMSClassUnloadingEnabled, -Dneo4j.home=/Volumes/SAMSUNG/test_project/readers_door/neo4j, -Dneo4j.instance=/Volumes/SAMSUNG/test_project/readers_door/neo4j, -Dfile.encoding=UTF-8]
2014-04-20 00:35:16.103+0000 INFO  [o.n.k.i.DiagnosticsManager]: Java classpath:
2014-04-20 00:35:16.106+0000 INFO  [o.n.k.i.DiagnosticsManager]:  [classpath + loader.0] file:/Volumes/SAMSUNG/test_project/readers_door/neo4j/system/lib/commons-digester-1.8.1.jar
2014-04-20 00:35:16.106+0000 INFO  [o.n.k.i.DiagnosticsManager]:  [classpath + loader.0] file:/Volumes/SAMSUNG/test_project/readers_door/neo4j/system/lib/logback-access-1.0.9.jar
2014-04-20 00:35:16.106+0000 INFO  [o.n.k.i.DiagnosticsManager]:  [loader.1] file:/System/Library/Java/Extensions/QTJava.zip
2014-04-20 00:35:16.106+0000 INFO  [o.n.k.i.DiagnosticsManager]:  [loader.1] file:/System/Library/Java/Extensions/libQTJNative.jnilib
2014-04-20 00:35:16.107+0000 INFO  [o.n.k.i.DiagnosticsManager]:  [classpath + loader.0] file:/Volumes/SAMSUNG/test_project/readers_door/neo4j/lib/scala-library-2.10.3.jar
2014-04-20 00:35:16.107+0000 INFO  [o.n.k.i.DiagnosticsManager]:  [classpath + loader.0] file:/Volumes/SAMSUNG/test_project/readers_door/neo4j/system/lib/rhino-1.7R3.jar
2014-04-20 00:35:16.107+0000 INFO  [o.n.k.i.DiagnosticsManager]:  [bootstrap] /Library/Java/JavaVirtualMachines/jdk1.8.0_05.jdk/Contents/Home/jre/lib/sunrsasign.jar
2014-04-20 00:35:16.107+0000 INFO  [o.n.k.i.DiagnosticsManager]:  [classpath + loader.0] file:/Volumes/SAMSUNG/test_project/readers_door/neo4j/system/lib/jetty-xml-9.0.5.v20130815.jar
2014-04-20 00:35:16.107+0000 INFO  [o.n.k.i.DiagnosticsManager]:  [classpath + loader.0] file:/Volumes/SAMSUNG/test_project/readers_door/neo4j/system/lib/bcprov-jdk16-140.jar
2014-04-20 00:35:16.107+0000 INFO  [o.n.k.i.DiagnosticsManager]:  [classpath + loader.0] file:/Volumes/SAMSUNG/test_project/readers_door/neo4j/lib/parboiled-scala_2.10-1.1.6.jar
2014-04-20 00:35:16.107+0000 INFO  [o.n.k.i.DiagnosticsManager]:  [bootstrap] /Library/Java/JavaVirtualMachines/jdk1.8.0_05.jdk/Contents/Home/jre/lib/jsse.jar
2014-04-20 00:35:16.107+0000 INFO  [o.n.k.i.DiagnosticsManager]:  [classpath + loader.0] file:/Volumes/SAMSUNG/test_project/readers_door/neo4j/lib/neo4j-cypher-compiler-2.0-2.0.1.jar
2014-04-20 00:35:16.107+0000 INFO  [o.n.k.i.DiagnosticsManager]:  [loader.1] file:/Library/Java/JavaVirtualMachines/jdk1.8.0_05.jdk/Contents/Home/jre/lib/ext/cldrdata.jar
2014-04-20 00:35:16.107+0000 INFO  [o.n.k.i.DiagnosticsManager]:  [classpath + loader.0] file:/Volumes/SAMSUNG/test_project/readers_door/neo4j/conf/
2014-04-20 00:35:16.107+0000 INFO  [o.n.k.i.DiagnosticsManager]:  [classpath + loader.0] file:/Volumes/SAMSUNG/test_project/readers_door/neo4j/system/lib/javax.servlet-3.0.0.v201112011016.jar
2014-04-20 00:35:16.107+0000 INFO  [o.n.k.i.DiagnosticsManager]:  [classpath + loader.0] file:/Volumes/SAMSUNG/test_project/readers_door/neo4j/lib/concurrentlinkedhashmap-lru-1.3.1.jar
2014-04-20 00:35:16.107+0000 INFO  [o.n.k.i.DiagnosticsManager]:  [classpath + loader.0] file:/Volumes/SAMSUNG/test_project/readers_door/neo4j/system/lib/slf4j-api-1.6.2.jar
2014-04-20 00:35:16.107+0000 INFO  [o.n.k.i.DiagnosticsManager]:  [classpath + loader.0] file:/Volumes/SAMSUNG/test_project/readers_door/neo4j/system/lib/asm-3.1.jar
2014-04-20 00:35:16.107+0000 INFO  [o.n.k.i.DiagnosticsManager]:  [classpath + loader.0] file:/Volumes/SAMSUNG/test_project/readers_door/neo4j/system/lib/commons-configuration-1.6.jar
2014-04-20 00:35:16.107+0000 INFO  [o.n.k.i.DiagnosticsManager]:  [classpath + loader.0] file:/Volumes/SAMSUNG/test_project/readers_door/neo4j/system/lib/jersey-server-1.9.jar
2014-04-20 00:35:16.107+0000 INFO  [o.n.k.i.DiagnosticsManager]:  [loader.1] file:/Library/Java/JavaVirtualMachines/jdk1.8.0_05.jdk/Contents/Home/jre/lib/ext/sunpkcs11.jar
2014-04-20 00:35:16.107+0000 INFO  [o.n.k.i.DiagnosticsManager]:  [classpath + loader.0] file:/Volumes/SAMSUNG/test_project/readers_door/neo4j/system/lib/rrd4j-2.0.7.jar
2014-04-20 00:35:16.107+0000 INFO  [o.n.k.i.DiagnosticsManager]:  [classpath + loader.0] file:/Volumes/SAMSUNG/test_project/readers_door/neo4j/system/lib/jackson-mapper-asl-1.9.7.jar
2014-04-20 00:35:16.108+0000 INFO  [o.n.k.i.DiagnosticsManager]:  [classpath + loader.0] file:/Volumes/SAMSUNG/test_project/readers_door/neo4j/system/lib/jetty-util-9.0.5.v20130815.jar
2014-04-20 00:35:16.108+0000 INFO  [o.n.k.i.DiagnosticsManager]:  [bootstrap] /Library/Java/JavaVirtualMachines/jdk1.8.0_05.jdk/Contents/Home/jre/lib/resources.jar
2014-04-20 00:35:16.108+0000 INFO  [o.n.k.i.DiagnosticsManager]:  [classpath + loader.0] file:/Volumes/SAMSUNG/test_project/readers_door/neo4j/system/lib/jetty-io-9.0.5.v20130815.jar
2014-04-20 00:35:16.108+0000 INFO  [o.n.k.i.DiagnosticsManager]:  [classpath + loader.0] file:/Volumes/SAMSUNG/test_project/readers_door/neo4j/lib/parboiled-core-1.1.6.jar
2014-04-20 00:35:16.108+0000 INFO  [o.n.k.i.DiagnosticsManager]:  [classpath + loader.0] file:/Volumes/SAMSUNG/test_project/readers_door/neo4j/system/lib/jsr311-api-1.1.2.r612.jar
2014-04-20 00:35:16.108+0000 INFO  [o.n.k.i.DiagnosticsManager]:  [classpath + loader.0] file:/Volumes/SAMSUNG/test_project/readers_door/neo4j/system/lib/commons-beanutils-core-1.8.0.jar
2014-04-20 00:35:16.108+0000 INFO  [o.n.k.i.DiagnosticsManager]:  [classpath + loader.0] file:/Volumes/SAMSUNG/test_project/readers_door/neo4j/system/lib/jackson-jaxrs-1.9.7.jar
2014-04-20 00:35:16.108+0000 INFO  [o.n.k.i.DiagnosticsManager]:  [classpath + loader.0] file:/Volumes/SAMSUNG/test_project/readers_door/neo4j/system/lib/jetty-webapp-9.0.5.v20130815.jar
2014-04-20 00:35:16.108+0000 INFO  [o.n.k.i.DiagnosticsManager]:  [classpath + loader.0] file:/Volumes/SAMSUNG/test_project/readers_door/neo4j/system/lib/commons-compiler-2.6.1.jar
2014-04-20 00:35:16.108+0000 INFO  [o.n.k.i.DiagnosticsManager]:  [loader.1] file:/Library/Java/JavaVirtualMachines/jdk1.8.0_05.jdk/Contents/Home/jre/lib/ext/sunjce_provider.jar
2014-04-20 00:35:16.108+0000 INFO  [o.n.k.i.DiagnosticsManager]:  [classpath + loader.0] file:/Volumes/SAMSUNG/test_project/readers_door/neo4j/lib/neo4j-cypher-commons-2.0.1.jar
2014-04-20 00:35:16.108+0000 INFO  [o.n.k.i.DiagnosticsManager]:  [loader.1] file:/System/Library/Java/Extensions/MRJToolkit.jar
2014-04-20 00:35:16.108+0000 INFO  [o.n.k.i.DiagnosticsManager]:  [bootstrap] /Library/Java/JavaVirtualMachines/jdk1.8.0_05.jdk/Contents/Home/jre/classes
2014-04-20 00:35:16.108+0000 INFO  [o.n.k.i.DiagnosticsManager]:  [classpath + loader.0] file:/Volumes/SAMSUNG/test_project/readers_door/neo4j/system/lib/commons-logging-1.1.1.jar
2014-04-20 00:35:16.108+0000 INFO  [o.n.k.i.DiagnosticsManager]:  [classpath + loader.0] file:/Volumes/SAMSUNG/test_project/readers_door/neo4j/system/lib/commons-collections-3.2.1.jar
2014-04-20 00:35:16.108+0000 INFO  [o.n.k.i.DiagnosticsManager]:  [classpath + loader.0] file:/Volumes/SAMSUNG/test_project/readers_door/neo4j/system/lib/jetty-http-9.0.5.v20130815.jar
2014-04-20 00:35:16.108+0000 INFO  [o.n.k.i.DiagnosticsManager]:  [loader.1] file:/Library/Java/JavaVirtualMachines/jdk1.8.0_05.jdk/Contents/Home/jre/lib/ext/nashorn.jar
2014-04-20 00:35:16.108+0000 INFO  [o.n.k.i.DiagnosticsManager]:  [classpath + loader.0] file:/Volumes/SAMSUNG/test_project/readers_door/neo4j/system/lib/neo4j-server-2.0.1.jar
2014-04-20 00:35:16.108+0000 INFO  [o.n.k.i.DiagnosticsManager]:  [classpath + loader.0] file:/Volumes/SAMSUNG/test_project/readers_door/neo4j/lib/org.apache.servicemix.bundles.jline-0.9.94_1.jar
2014-04-20 00:35:16.109+0000 INFO  [o.n.k.i.DiagnosticsManager]:  [bootstrap] /Library/Java/JavaVirtualMachines/jdk1.8.0_05.jdk/Contents/Home/jre/lib/jce.jar
2014-04-20 00:35:16.109+0000 INFO  [o.n.k.i.DiagnosticsManager]:  [classpath + loader.0] file:/Volumes/SAMSUNG/test_project/readers_door/neo4j/system/lib/logback-core-1.0.9.jar
2014-04-20 00:35:16.109+0000 INFO  [o.n.k.i.DiagnosticsManager]:  [loader.1] file:/Library/Java/JavaVirtualMachines/jdk1.8.0_05.jdk/Contents/Home/jre/lib/ext/localedata.jar
2014-04-20 00:35:16.109+0000 INFO  [o.n.k.i.DiagnosticsManager]:  [classpath + loader.0] file:/Volumes/SAMSUNG/test_project/readers_door/neo4j/system/lib/jersey-core-1.9.jar
2014-04-20 00:35:16.109+0000 INFO  [o.n.k.i.DiagnosticsManager]:  [classpath + loader.0] file:/Volumes/SAMSUNG/test_project/readers_door/neo4j/lib/lucene-core-3.6.2.jar
2014-04-20 00:35:16.109+0000 INFO  [o.n.k.i.DiagnosticsManager]:  [loader.1] file:/Library/Java/JavaVirtualMachines/jdk1.8.0_05.jdk/Contents/Home/jre/lib/ext/jfxrt.jar
2014-04-20 00:35:16.109+0000 INFO  [o.n.k.i.DiagnosticsManager]:  [loader.1] file:/Library/Java/JavaVirtualMachines/jdk1.8.0_05.jdk/Contents/Home/jre/lib/ext/zipfs.jar
2014-04-20 00:35:16.109+0000 INFO  [o.n.k.i.DiagnosticsManager]:  [classpath + loader.0] file:/Volumes/SAMSUNG/test_project/readers_door/neo4j/system/lib/jcl-over-slf4j-1.6.1.jar
2014-04-20 00:35:16.109+0000 INFO  [o.n.k.i.DiagnosticsManager]:  [classpath + loader.0] file:/Volumes/SAMSUNG/test_project/readers_door/neo4j/system/lib/neo4j-server-2.0.1-static-web.jar
2014-04-20 00:35:16.109+0000 INFO  [o.n.k.i.DiagnosticsManager]:  [classpath + loader.0] file:/Volumes/SAMSUNG/test_project/readers_door/neo4j/lib/server-api-2.0.1.jar
2014-04-20 00:35:16.109+0000 INFO  [o.n.k.i.DiagnosticsManager]:  [classpath + loader.0] file:/Volumes/SAMSUNG/test_project/readers_door/neo4j/system/lib/commons-io-1.4.jar
2014-04-20 00:35:16.109+0000 INFO  [o.n.k.i.DiagnosticsManager]:  [classpath + loader.0] file:/Volumes/SAMSUNG/test_project/readers_door/neo4j/system/lib/jetty-servlet-9.0.5.v20130815.jar
2014-04-20 00:35:16.109+0000 INFO  [o.n.k.i.DiagnosticsManager]:  [classpath + loader.0] file:/Volumes/SAMSUNG/test_project/readers_door/neo4j/system/lib/logback-classic-1.0.9.jar
2014-04-20 00:35:16.109+0000 INFO  [o.n.k.i.DiagnosticsManager]:  [classpath + loader.0] file:/Volumes/SAMSUNG/test_project/readers_door/neo4j/lib/neo4j-shell-2.0.1.jar
2014-04-20 00:35:16.109+0000 INFO  [o.n.k.i.DiagnosticsManager]:  [bootstrap] /Library/Java/JavaVirtualMachines/jdk1.8.0_05.jdk/Contents/Home/jre/lib/jfr.jar
2014-04-20 00:35:16.109+0000 INFO  [o.n.k.i.DiagnosticsManager]:  [classpath + loader.0] file:/Volumes/SAMSUNG/test_project/readers_door/neo4j/lib/neo4j-lucene-index-2.0.1.jar
2014-04-20 00:35:16.109+0000 INFO  [o.n.k.i.DiagnosticsManager]:  [classpath + loader.0] file:/Volumes/SAMSUNG/test_project/readers_door/neo4j/system/lib/jetty-security-9.0.5.v20130815.jar
2014-04-20 00:35:16.109+0000 INFO  [o.n.k.i.DiagnosticsManager]:  [classpath + loader.0] file:/Volumes/SAMSUNG/test_project/readers_door/neo4j/system/lib/commons-beanutils-1.8.0.jar
2014-04-20 00:35:16.109+0000 INFO  [o.n.k.i.DiagnosticsManager]:  [classpath + loader.0] file:/Volumes/SAMSUNG/test_project/readers_door/neo4j/system/lib/jetty-server-9.0.5.v20130815.jar
2014-04-20 00:35:16.109+0000 INFO  [o.n.k.i.DiagnosticsManager]:  [classpath + loader.0] file:/Volumes/SAMSUNG/test_project/readers_door/neo4j/system/lib/mimepull-1.6.jar
2014-04-20 00:35:16.109+0000 INFO  [o.n.k.i.DiagnosticsManager]:  [classpath + loader.0] file:/Volumes/SAMSUNG/test_project/readers_door/neo4j/system/lib/janino-2.6.1.jar
2014-04-20 00:35:16.110+0000 INFO  [o.n.k.i.DiagnosticsManager]:  [classpath + loader.0] file:/Volumes/SAMSUNG/test_project/readers_door/neo4j/lib/neo4j-graph-algo-2.0.1.jar
2014-04-20 00:35:16.110+0000 INFO  [o.n.k.i.DiagnosticsManager]:  [classpath + loader.0] file:/Volumes/SAMSUNG/test_project/readers_door/neo4j/lib/neo4j-kernel-2.0.1.jar
2014-04-20 00:35:16.110+0000 INFO  [o.n.k.i.DiagnosticsManager]:  [loader.1] file:/Library/Java/JavaVirtualMachines/jdk1.8.0_05.jdk/Contents/Home/jre/lib/ext/sunec.jar
2014-04-20 00:35:16.110+0000 INFO  [o.n.k.i.DiagnosticsManager]:  [bootstrap] /Library/Java/JavaVirtualMachines/jdk1.8.0_05.jdk/Contents/Home/jre/lib/charsets.jar
2014-04-20 00:35:16.110+0000 INFO  [o.n.k.i.DiagnosticsManager]:  [bootstrap] /Library/Java/JavaVirtualMachines/jdk1.8.0_05.jdk/Contents/Home/jre/lib/rt.jar
2014-04-20 00:35:16.110+0000 INFO  [o.n.k.i.DiagnosticsManager]:  [loader.1] file:/Library/Java/JavaVirtualMachines/jdk1.8.0_05.jdk/Contents/Home/jre/lib/ext/dnsns.jar
2014-04-20 00:35:16.110+0000 INFO  [o.n.k.i.DiagnosticsManager]:  [classpath + loader.0] file:/Volumes/SAMSUNG/test_project/readers_door/neo4j/system/lib/jackson-core-asl-1.9.7.jar
2014-04-20 00:35:16.110+0000 INFO  [o.n.k.i.DiagnosticsManager]:  [classpath + loader.0] file:/Volumes/SAMSUNG/test_project/readers_door/neo4j/lib/geronimo-jta_1.1_spec-1.1.1.jar
2014-04-20 00:35:16.110+0000 INFO  [o.n.k.i.DiagnosticsManager]:  [classpath + loader.0] file:/Volumes/SAMSUNG/test_project/readers_door/neo4j/lib/neo4j-graph-matching-2.0.1.jar
2014-04-20 00:35:16.110+0000 INFO  [o.n.k.i.DiagnosticsManager]:  [classpath + loader.0] file:/Volumes/SAMSUNG/test_project/readers_door/neo4j/lib/neo4j-cypher-2.0.1.jar
2014-04-20 00:35:16.110+0000 INFO  [o.n.k.i.DiagnosticsManager]:  [classpath + loader.0] file:/Volumes/SAMSUNG/test_project/readers_door/neo4j/system/lib/neo4j-browser-2.0.1.jar
2014-04-20 00:35:16.110+0000 INFO  [o.n.k.i.DiagnosticsManager]:  [classpath + loader.0] file:/Volumes/SAMSUNG/test_project/readers_door/neo4j/lib/neo4j-cypher-compiler-1.9-2.0.1.jar
2014-04-20 00:35:16.110+0000 INFO  [o.n.k.i.DiagnosticsManager]:  [classpath + loader.0] file:/Volumes/SAMSUNG/test_project/readers_door/neo4j/lib/neo4j-jmx-2.0.1.jar
2014-04-20 00:35:16.110+0000 INFO  [o.n.k.i.DiagnosticsManager]:  [classpath + loader.0] file:/Volumes/SAMSUNG/test_project/readers_door/neo4j/system/lib/jersey-multipart-1.9.jar
2014-04-20 00:35:16.110+0000 INFO  [o.n.k.i.DiagnosticsManager]:  [classpath + loader.0] file:/Volumes/SAMSUNG/test_project/readers_door/neo4j/lib/neo4j-udc-2.0.1.jar
2014-04-20 00:35:16.110+0000 INFO  [o.n.k.i.DiagnosticsManager]:  [classpath + loader.0] file:/Volumes/SAMSUNG/test_project/readers_door/neo4j/system/lib/commons-lang-2.4.jar
2014-04-20 00:35:16.110+0000 INFO  [o.n.k.i.DiagnosticsManager]: Library path:
2014-04-20 00:35:16.111+0000 INFO  [o.n.k.i.DiagnosticsManager]: /Users/bhuwan/Library/Java/Extensions
2014-04-20 00:35:16.111+0000 INFO  [o.n.k.i.DiagnosticsManager]: /Library/Java/Extensions
2014-04-20 00:35:16.111+0000 INFO  [o.n.k.i.DiagnosticsManager]: /Network/Library/Java/Extensions
2014-04-20 00:35:16.111+0000 INFO  [o.n.k.i.DiagnosticsManager]: /System/Library/Java/Extensions
2014-04-20 00:35:16.111+0000 INFO  [o.n.k.i.DiagnosticsManager]: /usr/lib/java
2014-04-20 00:35:16.111+0000 INFO  [o.n.k.i.DiagnosticsManager]: /Volumes/SAMSUNG/test_project/readers_door/neo4j
2014-04-20 00:35:16.111+0000 INFO  [o.n.k.i.DiagnosticsManager]: System.properties:
2014-04-20 00:35:16.111+0000 INFO  [o.n.k.i.DiagnosticsManager]: sun.boot.library.path = /Library/Java/JavaVirtualMachines/jdk1.8.0_05.jdk/Contents/Home/jre/lib
2014-04-20 00:35:16.111+0000 INFO  [o.n.k.i.DiagnosticsManager]: user.country.format = IN
2014-04-20 00:35:16.111+0000 INFO  [o.n.k.i.DiagnosticsManager]: org.neo4j.server.properties = conf/neo4j-server.properties
2014-04-20 00:35:16.111+0000 INFO  [o.n.k.i.DiagnosticsManager]: gopherProxySet = false
2014-04-20 00:35:16.111+0000 INFO  [o.n.k.i.DiagnosticsManager]: path.separator = :
2014-04-20 00:35:16.112+0000 INFO  [o.n.k.i.DiagnosticsManager]: file.encoding.pkg = sun.io
2014-04-20 00:35:16.112+0000 INFO  [o.n.k.i.DiagnosticsManager]: user.country = US
2014-04-20 00:35:16.112+0000 INFO  [o.n.k.i.DiagnosticsManager]: sun.java.launcher = SUN_STANDARD
2014-04-20 00:35:16.112+0000 INFO  [o.n.k.i.DiagnosticsManager]: sun.os.patch.level = unknown
2014-04-20 00:35:16.112+0000 INFO  [o.n.k.i.DiagnosticsManager]: user.dir = /Volumes/SAMSUNG/test_project/readers_door/neo4j
2014-04-20 00:35:16.112+0000 INFO  [o.n.k.i.DiagnosticsManager]: https.proxyHost = 127.0.0.1
2014-04-20 00:35:16.112+0000 INFO  [o.n.k.i.DiagnosticsManager]: log4j.configuration = file:conf/log4j.properties
2014-04-20 00:35:16.112+0000 INFO  [o.n.k.i.DiagnosticsManager]: sun.jnu.encoding = UTF-8
2014-04-20 00:35:16.112+0000 INFO  [o.n.k.i.DiagnosticsManager]: http.proxyPort = 8555
2014-04-20 00:35:16.112+0000 INFO  [o.n.k.i.DiagnosticsManager]: sun.management.compiler = HotSpot 64-Bit Tiered Compilers
2014-04-20 00:35:16.112+0000 INFO  [o.n.k.i.DiagnosticsManager]: http.nonProxyHosts = local|*.local|169.254/16|*.169.254/16
2014-04-20 00:35:16.112+0000 INFO  [o.n.k.i.DiagnosticsManager]: user.home = /Users/bhuwan
2014-04-20 00:35:16.112+0000 INFO  [o.n.k.i.DiagnosticsManager]: user.timezone = Asia/Kolkata
2014-04-20 00:35:16.112+0000 INFO  [o.n.k.i.DiagnosticsManager]: file.encoding = UTF-8
2014-04-20 00:35:16.112+0000 INFO  [o.n.k.i.DiagnosticsManager]: user.name = bhuwan
2014-04-20 00:35:16.112+0000 INFO  [o.n.k.i.DiagnosticsManager]: sun.java.command = org.neo4j.server.Bootstrapper
2014-04-20 00:35:16.112+0000 INFO  [o.n.k.i.DiagnosticsManager]: sun.arch.data.model = 64
2014-04-20 00:35:16.112+0000 INFO  [o.n.k.i.DiagnosticsManager]: user.language = en
2014-04-20 00:35:16.112+0000 INFO  [o.n.k.i.DiagnosticsManager]: awt.toolkit = sun.lwawt.macosx.LWCToolkit
2014-04-20 00:35:16.112+0000 INFO  [o.n.k.i.DiagnosticsManager]: http.proxyHost = 127.0.0.1
2014-04-20 00:35:16.112+0000 INFO  [o.n.k.i.DiagnosticsManager]: file.separator = /
2014-04-20 00:35:16.112+0000 INFO  [o.n.k.i.DiagnosticsManager]: sun.io.unicode.encoding = UnicodeBig
2014-04-20 00:35:16.112+0000 INFO  [o.n.k.i.DiagnosticsManager]: sun.cpu.endian = little
2014-04-20 00:35:16.112+0000 INFO  [o.n.k.i.DiagnosticsManager]: https.proxyPort = 8555
2014-04-20 00:35:16.112+0000 INFO  [o.n.k.i.DiagnosticsManager]: socksNonProxyHosts = local|*.local|169.254/16|*.169.254/16
2014-04-20 00:35:16.112+0000 INFO  [o.n.k.i.DiagnosticsManager]: neo4j.instance = /Volumes/SAMSUNG/test_project/readers_door/neo4j
2014-04-20 00:35:16.113+0000 INFO  [o.n.k.i.DiagnosticsManager]: ftp.nonProxyHosts = local|*.local|169.254/16|*.169.254/16
2014-04-20 00:35:16.113+0000 INFO  [o.n.k.i.DiagnosticsManager]: neo4j.home = /Volumes/SAMSUNG/test_project/readers_door/neo4j
2014-04-20 00:35:16.113+0000 INFO  [o.n.k.i.DiagnosticsManager]: sun.cpu.isalist = 
2014-04-20 00:35:16.113+0000 INFO  [o.n.k.i.DiagnosticsManager]: Network information:
2014-04-20 00:35:16.116+0000 INFO  [o.n.k.i.DiagnosticsManager]: Interface tun0:
2014-04-20 00:35:16.117+0000 INFO  [o.n.k.i.DiagnosticsManager]:     address: 10.254.32.13
2014-04-20 00:35:16.117+0000 INFO  [o.n.k.i.DiagnosticsManager]: Interface en0:
2014-04-20 00:35:16.117+0000 INFO  [o.n.k.i.DiagnosticsManager]:     address: fe80:0:0:0:6a5b:35ff:fea4:e3d0%en0
2014-04-20 00:35:16.117+0000 INFO  [o.n.k.i.DiagnosticsManager]:     address: 192.168.1.4
2014-04-20 00:35:16.117+0000 INFO  [o.n.k.i.DiagnosticsManager]: Interface lo0:
2014-04-20 00:35:16.117+0000 INFO  [o.n.k.i.DiagnosticsManager]:     address: fe80:0:0:0:0:0:0:1%lo0
2014-04-20 00:35:16.117+0000 INFO  [o.n.k.i.DiagnosticsManager]:     address: 0:0:0:0:0:0:0:1
2014-04-20 00:35:16.117+0000 INFO  [o.n.k.i.DiagnosticsManager]:     address: 127.0.0.1
2014-04-20 00:35:16.117+0000 INFO  [o.n.k.i.DiagnosticsManager]: --- INITIALIZED diagnostics END ---
2014-04-20 00:35:16.231+0000 INFO  [o.n.k.i.n.s.StoreFactory]: Creating new db @ /Volumes/SAMSUNG/test_project/readers_door/neo4j/data/graph.db/neostore
2014-04-20 00:35:16.271+0000 INFO  [o.n.k.i.n.s.StoreFactory]: [/Volumes/SAMSUNG/test_project/readers_door/neo4j/data/graph.db/neostore.relationshiptypestore.db.names] brickCount=0 brickSize=0b mappedMem=0b (storeSize=38b)
2014-04-20 00:35:16.272+0000 INFO  [o.n.k.i.n.s.StoreFactory]: [/Volumes/SAMSUNG/test_project/readers_door/neo4j/data/graph.db/neostore.relationshiptypestore.db] brickCount=0 brickSize=0b mappedMem=0b (storeSize=0b)
2014-04-20 00:35:16.273+0000 INFO  [o.n.k.i.n.s.StoreFactory]: /Volumes/SAMSUNG/test_project/readers_door/neo4j/data/graph.db/neostore.relationshiptypestore.db.names hit=0 miss=0 switches=0 ooe=0
2014-04-20 00:35:16.274+0000 INFO  [o.n.k.i.n.s.StoreFactory]: /Volumes/SAMSUNG/test_project/readers_door/neo4j/data/graph.db/neostore.relationshiptypestore.db hit=0 miss=0 switches=0 ooe=0
2014-04-20 00:35:16.280+0000 INFO  [o.n.k.i.n.s.StoreFactory]: [/Volumes/SAMSUNG/test_project/readers_door/neo4j/data/graph.db/neostore.labeltokenstore.db.names] brickCount=0 brickSize=0b mappedMem=0b (storeSize=38b)
2014-04-20 00:35:16.281+0000 INFO  [o.n.k.i.n.s.StoreFactory]: [/Volumes/SAMSUNG/test_project/readers_door/neo4j/data/graph.db/neostore.labeltokenstore.db] brickCount=0 brickSize=0b mappedMem=0b (storeSize=0b)
2014-04-20 00:35:16.281+0000 INFO  [o.n.k.i.n.s.StoreFactory]: /Volumes/SAMSUNG/test_project/readers_door/neo4j/data/graph.db/neostore.labeltokenstore.db.names hit=0 miss=0 switches=0 ooe=0
2014-04-20 00:35:16.282+0000 INFO  [o.n.k.i.n.s.StoreFactory]: /Volumes/SAMSUNG/test_project/readers_door/neo4j/data/graph.db/neostore.labeltokenstore.db hit=0 miss=0 switches=0 ooe=0
2014-04-20 00:35:16.288+0000 INFO  [o.n.k.i.n.s.StoreFactory]: [/Volumes/SAMSUNG/test_project/readers_door/neo4j/data/graph.db/neostore.relationshiptypestore.db.names] brickCount=0 brickSize=0b mappedMem=0b (storeSize=38b)
2014-04-20 00:35:16.289+0000 INFO  [o.n.k.i.n.s.StoreFactory]: [/Volumes/SAMSUNG/test_project/readers_door/neo4j/data/graph.db/neostore.relationshiptypestore.db] brickCount=0 brickSize=0b mappedMem=0b (storeSize=0b)
2014-04-20 00:35:16.289+0000 INFO  [o.n.k.i.n.s.StoreFactory]: [/Volumes/SAMSUNG/test_project/readers_door/neo4j/data/graph.db/neostore.labeltokenstore.db.names] brickCount=0 brickSize=0b mappedMem=0b (storeSize=38b)
2014-04-20 00:35:16.290+0000 INFO  [o.n.k.i.n.s.StoreFactory]: [/Volumes/SAMSUNG/test_project/readers_door/neo4j/data/graph.db/neostore.labeltokenstore.db] brickCount=0 brickSize=0b mappedMem=0b (storeSize=0b)
2014-04-20 00:35:16.291+0000 INFO  [o.n.k.i.n.s.StoreFactory]: [/Volumes/SAMSUNG/test_project/readers_door/neo4j/data/graph.db/neostore.propertystore.db.strings] brickCount=0 brickSize=1144960b mappedMem=1145044992b (storeSize=128b)
2014-04-20 00:35:16.292+0000 INFO  [o.n.k.i.n.s.StoreFactory]: [/Volumes/SAMSUNG/test_project/readers_door/neo4j/data/graph.db/neostore.propertystore.db.index.keys] brickCount=0 brickSize=0b mappedMem=0b (storeSize=38b)
2014-04-20 00:35:16.293+0000 INFO  [o.n.k.i.n.s.StoreFactory]: [/Volumes/SAMSUNG/test_project/readers_door/neo4j/data/graph.db/neostore.propertystore.db.index] brickCount=0 brickSize=0b mappedMem=0b (storeSize=0b)
2014-04-20 00:35:16.293+0000 INFO  [o.n.k.i.n.s.StoreFactory]: [/Volumes/SAMSUNG/test_project/readers_door/neo4j/data/graph.db/neostore.propertystore.db.arrays] brickCount=0 brickSize=1298048b mappedMem=1298137088b (storeSize=128b)
2014-04-20 00:35:16.296+0000 INFO  [o.n.k.i.n.s.StoreFactory]: [/Volumes/SAMSUNG/test_project/readers_door/neo4j/data/graph.db/neostore.propertystore.db] brickCount=0 brickSize=13474199b mappedMem=1347420160b (storeSize=0b)
2014-04-20 00:35:16.299+0000 INFO  [o.n.k.i.n.s.StoreFactory]: [/Volumes/SAMSUNG/test_project/readers_door/neo4j/data/graph.db/neostore.relationshipstore.db] brickCount=0 brickSize=16515048b mappedMem=1651507200b (storeSize=0b)
2014-04-20 00:35:16.300+0000 INFO  [o.n.k.i.n.s.StoreFactory]: [/Volumes/SAMSUNG/test_project/readers_door/neo4j/data/graph.db/neostore.nodestore.db.labels] brickCount=0 brickSize=0b mappedMem=0b (storeSize=68b)
2014-04-20 00:35:16.302+0000 INFO  [o.n.k.i.n.s.StoreFactory]: [/Volumes/SAMSUNG/test_project/readers_door/neo4j/data/graph.db/neostore.nodestore.db] brickCount=0 brickSize=3743404b mappedMem=374341632b (storeSize=0b)
2014-04-20 00:35:16.303+0000 INFO  [o.n.k.i.n.s.StoreFactory]: [/Volumes/SAMSUNG/test_project/readers_door/neo4j/data/graph.db/neostore.schemastore.db] brickCount=0 brickSize=0b mappedMem=0b (storeSize=64b)
2014-04-20 00:35:16.304+0000 INFO  [o.n.k.i.n.s.StoreFactory]: [/Volumes/SAMSUNG/test_project/readers_door/neo4j/data/graph.db/neostore] brickCount=0 brickSize=0b mappedMem=0b (storeSize=0b)
2014-04-20 00:35:16.308+0000 INFO  [o.n.k.i.n.s.StoreFactory]: /Volumes/SAMSUNG/test_project/readers_door/neo4j/data/graph.db/neostore.relationshiptypestore.db.names hit=0 miss=0 switches=0 ooe=0
2014-04-20 00:35:16.309+0000 INFO  [o.n.k.i.n.s.StoreFactory]: /Volumes/SAMSUNG/test_project/readers_door/neo4j/data/graph.db/neostore.relationshiptypestore.db hit=0 miss=0 switches=0 ooe=0
2014-04-20 00:35:16.311+0000 INFO  [o.n.k.i.n.s.StoreFactory]: /Volumes/SAMSUNG/test_project/readers_door/neo4j/data/graph.db/neostore.labeltokenstore.db.names hit=0 miss=0 switches=0 ooe=0
2014-04-20 00:35:16.313+0000 INFO  [o.n.k.i.n.s.StoreFactory]: /Volumes/SAMSUNG/test_project/readers_door/neo4j/data/graph.db/neostore.labeltokenstore.db hit=0 miss=0 switches=0 ooe=0
2014-04-20 00:35:16.314+0000 INFO  [o.n.k.i.n.s.StoreFactory]: /Volumes/SAMSUNG/test_project/readers_door/neo4j/data/graph.db/neostore.propertystore.db.strings hit=0 miss=0 switches=0 ooe=0
2014-04-20 00:35:16.317+0000 INFO  [o.n.k.i.n.s.StoreFactory]: /Volumes/SAMSUNG/test_project/readers_door/neo4j/data/graph.db/neostore.propertystore.db.index.keys hit=0 miss=0 switches=0 ooe=0
2014-04-20 00:35:16.318+0000 INFO  [o.n.k.i.n.s.StoreFactory]: /Volumes/SAMSUNG/test_project/readers_door/neo4j/data/graph.db/neostore.propertystore.db.index hit=0 miss=0 switches=0 ooe=0
2014-04-20 00:35:16.320+0000 INFO  [o.n.k.i.n.s.StoreFactory]: /Volumes/SAMSUNG/test_project/readers_door/neo4j/data/graph.db/neostore.propertystore.db.arrays hit=0 miss=0 switches=0 ooe=0
2014-04-20 00:35:16.322+0000 INFO  [o.n.k.i.n.s.StoreFactory]: /Volumes/SAMSUNG/test_project/readers_door/neo4j/data/graph.db/neostore.propertystore.db hit=0 miss=0 switches=0 ooe=0
2014-04-20 00:35:16.324+0000 INFO  [o.n.k.i.n.s.StoreFactory]: /Volumes/SAMSUNG/test_project/readers_door/neo4j/data/graph.db/neostore.relationshipstore.db hit=0 miss=0 switches=0 ooe=0
2014-04-20 00:35:16.326+0000 INFO  [o.n.k.i.n.s.StoreFactory]: /Volumes/SAMSUNG/test_project/readers_door/neo4j/data/graph.db/neostore.nodestore.db.labels hit=0 miss=0 switches=0 ooe=0
2014-04-20 00:35:16.327+0000 INFO  [o.n.k.i.n.s.StoreFactory]: /Volumes/SAMSUNG/test_project/readers_door/neo4j/data/graph.db/neostore.nodestore.db hit=0 miss=0 switches=0 ooe=0
2014-04-20 00:35:16.329+0000 INFO  [o.n.k.i.n.s.StoreFactory]: /Volumes/SAMSUNG/test_project/readers_door/neo4j/data/graph.db/neostore.schemastore.db hit=0 miss=0 switches=0 ooe=0
2014-04-20 00:35:16.331+0000 INFO  [o.n.k.i.n.s.StoreFactory]: /Volumes/SAMSUNG/test_project/readers_door/neo4j/data/graph.db/neostore hit=0 miss=8 switches=0 ooe=0
2014-04-20 00:35:16.339+0000 INFO  [o.n.k.i.n.s.StoreFactory]: [/Volumes/SAMSUNG/test_project/readers_door/neo4j/data/graph.db/neostore.relationshiptypestore.db.names] brickCount=0 brickSize=0b mappedMem=0b (storeSize=38b)
2014-04-20 00:35:16.339+0000 INFO  [o.n.k.i.n.s.StoreFactory]: [/Volumes/SAMSUNG/test_project/readers_door/neo4j/data/graph.db/neostore.relationshiptypestore.db] brickCount=0 brickSize=0b mappedMem=0b (storeSize=0b)
2014-04-20 00:35:16.340+0000 INFO  [o.n.k.i.n.s.StoreFactory]: [/Volumes/SAMSUNG/test_project/readers_door/neo4j/data/graph.db/neostore.labeltokenstore.db.names] brickCount=0 brickSize=0b mappedMem=0b (storeSize=38b)
2014-04-20 00:35:16.340+0000 INFO  [o.n.k.i.n.s.StoreFactory]: [/Volumes/SAMSUNG/test_project/readers_door/neo4j/data/graph.db/neostore.labeltokenstore.db] brickCount=0 brickSize=0b mappedMem=0b (storeSize=0b)
2014-04-20 00:35:16.340+0000 INFO  [o.n.k.i.n.s.StoreFactory]: [/Volumes/SAMSUNG/test_project/readers_door/neo4j/data/graph.db/neostore.propertystore.db.strings] brickCount=0 brickSize=1144960b mappedMem=1145044992b (storeSize=128b)
2014-04-20 00:35:16.341+0000 INFO  [o.n.k.i.n.s.StoreFactory]: [/Volumes/SAMSUNG/test_project/readers_door/neo4j/data/graph.db/neostore.propertystore.db.index.keys] brickCount=0 brickSize=0b mappedMem=0b (storeSize=38b)
2014-04-20 00:35:16.341+0000 INFO  [o.n.k.i.n.s.StoreFactory]: [/Volumes/SAMSUNG/test_project/readers_door/neo4j/data/graph.db/neostore.propertystore.db.index] brickCount=0 brickSize=0b mappedMem=0b (storeSize=0b)
2014-04-20 00:35:16.341+0000 INFO  [o.n.k.i.n.s.StoreFactory]: [/Volumes/SAMSUNG/test_project/readers_door/neo4j/data/graph.db/neostore.propertystore.db.arrays] brickCount=0 brickSize=1298048b mappedMem=1298137088b (storeSize=128b)
2014-04-20 00:35:16.342+0000 INFO  [o.n.k.i.n.s.StoreFactory]: [/Volumes/SAMSUNG/test_project/readers_door/neo4j/data/graph.db/neostore.propertystore.db] brickCount=0 brickSize=13474199b mappedMem=1347420160b (storeSize=0b)
2014-04-20 00:35:16.342+0000 INFO  [o.n.k.i.n.s.StoreFactory]: [/Volumes/SAMSUNG/test_project/readers_door/neo4j/data/graph.db/neostore.relationshipstore.db] brickCount=0 brickSize=16515048b mappedMem=1651507200b (storeSize=0b)
2014-04-20 00:35:16.343+0000 INFO  [o.n.k.i.n.s.StoreFactory]: [/Volumes/SAMSUNG/test_project/readers_door/neo4j/data/graph.db/neostore.nodestore.db.labels] brickCount=0 brickSize=0b mappedMem=0b (storeSize=68b)
2014-04-20 00:35:16.343+0000 INFO  [o.n.k.i.n.s.StoreFactory]: [/Volumes/SAMSUNG/test_project/readers_door/neo4j/data/graph.db/neostore.nodestore.db] brickCount=0 brickSize=3743404b mappedMem=374341632b (storeSize=0b)
2014-04-20 00:35:16.343+0000 INFO  [o.n.k.i.n.s.StoreFactory]: [/Volumes/SAMSUNG/test_project/readers_door/neo4j/data/graph.db/neostore.schemastore.db] brickCount=0 brickSize=0b mappedMem=0b (storeSize=64b)
2014-04-20 00:35:16.344+0000 INFO  [o.n.k.i.n.s.StoreFactory]: [/Volumes/SAMSUNG/test_project/readers_door/neo4j/data/graph.db/neostore] brickCount=0 brickSize=0b mappedMem=0b (storeSize=63b)
2014-04-20 00:35:16.399+0000 INFO  [o.n.k.a.i.i.LuceneLabelScanStore]: No lucene scan store index found, this might just be first use. Preparing to rebuild.
2014-04-20 00:35:16.423+0000 INFO  [o.n.k.a.i.i.LuceneLabelScanStore]: No lucene scan store index found, this might just be first use. Preparing to rebuild.
2014-04-20 00:35:16.501+0000 INFO  [o.n.k.i.t.x.XaLogicalLog]: Opened logical log [/Volumes/SAMSUNG/test_project/readers_door/neo4j/data/graph.db/nioneo_logical.log.1] version=0, lastTxId=1 (clean)
2014-04-20 00:35:16.506+0000 INFO  [o.n.k.a.i.i.LuceneLabelScanStore]: Rebuilding lucene scan store, this may take a while
2014-04-20 00:35:16.508+0000 INFO  [o.n.k.a.i.i.LuceneLabelScanStore]: Lucene scan store rebuilt (roughly -1 nodes)
2014-04-20 00:35:16.512+0000 INFO  [o.n.k.i.t.TxManager]: TM new log: tm_tx_log.1
2014-04-20 00:35:16.527+0000 INFO  [o.n.k.i.t.x.XaLogicalLog]: Opened logical log [/Volumes/SAMSUNG/test_project/readers_door/neo4j/data/graph.db/index/lucene.log.1] version=0, lastTxId=1 (clean)
2014-04-20 00:35:16.533+0000 INFO  [o.n.k.i.DiagnosticsManager]: --- STARTED diagnostics for KernelDiagnostics:Versions START ---
2014-04-20 00:35:16.533+0000 INFO  [o.n.k.i.DiagnosticsManager]: Graph Database: org.neo4j.kernel.EmbeddedGraphDatabase StoreId[time:1397954116232, id:974146478329294027, store version: 13843131341501958]
2014-04-20 00:35:16.533+0000 INFO  [o.n.k.i.DiagnosticsManager]: Kernel version: Neo4j - Graph Database Kernel (neo4j-kernel), version: 2.0.1
2014-04-20 00:35:16.533+0000 INFO  [o.n.k.i.DiagnosticsManager]: Neo4j component versions:
2014-04-20 00:35:16.541+0000 INFO  [o.n.k.i.DiagnosticsManager]:   Neo4j - Cypher Compiler 1.9 (neo4j-cypher-compiler-1.9), version: 2.0.1; revision: 2.0.1:master:878/8bb63c9c059d8a491b7909e08da86a820c28d3a5
2014-04-20 00:35:16.541+0000 INFO  [o.n.k.i.DiagnosticsManager]:   Neo4j - Cypher Commons (neo4j-cypher-commons), version: 2.0.1; revision: 2.0.1:master:878/8bb63c9c059d8a491b7909e08da86a820c28d3a5
2014-04-20 00:35:16.541+0000 INFO  [o.n.k.i.DiagnosticsManager]:   Neo4j Server API (server-api), version: 2.0.1; revision: 2.0.1:master:878/8bb63c9c059d8a491b7909e08da86a820c28d3a5
2014-04-20 00:35:16.541+0000 INFO  [o.n.k.i.DiagnosticsManager]:   Neo4j - Graph Database Kernel (neo4j-kernel), version: 2.0.1; revision: 2.0.1:master:878/8bb63c9c059d8a491b7909e08da86a820c28d3a5
2014-04-20 00:35:16.541+0000 INFO  [o.n.k.i.DiagnosticsManager]:   Neo4j - Generic shell (neo4j-shell), version: 2.0.1; revision: 2.0.1:master:878/8bb63c9c059d8a491b7909e08da86a820c28d3a5
2014-04-20 00:35:16.541+0000 INFO  [o.n.k.i.DiagnosticsManager]:   neo4j-udc, version: 2.0.1; revision: 2.0.1:master:878/8bb63c9c059d8a491b7909e08da86a820c28d3a5
2014-04-20 00:35:16.541+0000 INFO  [o.n.k.i.DiagnosticsManager]:   Neo4j - Lucene Index (neo4j-lucene-index), version: 2.0.1; revision: 2.0.1:master:878/8bb63c9c059d8a491b7909e08da86a820c28d3a5
2014-04-20 00:35:16.542+0000 INFO  [o.n.k.i.DiagnosticsManager]:   Neo4j Server (neo4j-server), version: 2.0.1; revision: 2.0.1:master:878/8bb63c9c059d8a491b7909e08da86a820c28d3a5
2014-04-20 00:35:16.542+0000 INFO  [o.n.k.i.DiagnosticsManager]:   Neo4j - Cypher Compiler 2.0 (neo4j-cypher-compiler-2.0), version: 2.0.1; revision: 2.0.1:master:878/8bb63c9c059d8a491b7909e08da86a820c28d3a5
2014-04-20 00:35:16.542+0000 INFO  [o.n.k.i.DiagnosticsManager]:   Neo4j - Graph Matching (neo4j-graph-matching), version: 2.0.1; revision: 2.0.1:master:878/8bb63c9c059d8a491b7909e08da86a820c28d3a5
2014-04-20 00:35:16.542+0000 INFO  [o.n.k.i.DiagnosticsManager]:   Neo4j - JMX support (neo4j-jmx), version: 2.0.1; revision: 2.0.1:master:878/8bb63c9c059d8a491b7909e08da86a820c28d3a5
2014-04-20 00:35:16.542+0000 INFO  [o.n.k.i.DiagnosticsManager]:   Neo4j - Cypher (neo4j-cypher), version: 2.0.1; revision: 2.0.1:master:878/8bb63c9c059d8a491b7909e08da86a820c28d3a5
2014-04-20 00:35:16.542+0000 INFO  [o.n.k.i.DiagnosticsManager]:   Neo4j - Graph Algorithms (neo4j-graph-algo), version: 2.0.1; revision: 2.0.1:master:878/8bb63c9c059d8a491b7909e08da86a820c28d3a5
2014-04-20 00:35:16.542+0000 INFO  [o.n.k.i.DiagnosticsManager]: --- STARTED diagnostics for KernelDiagnostics:Versions END ---
2014-04-20 00:35:16.543+0000 INFO  [o.n.k.i.DiagnosticsManager]: --- STARTED diagnostics for NEO_STORE_VERSIONS START ---
2014-04-20 00:35:16.544+0000 INFO  [o.n.k.i.DiagnosticsManager]: Store versions:
2014-04-20 00:35:16.544+0000 INFO  [o.n.k.i.DiagnosticsManager]: Store versions:
2014-04-20 00:35:16.544+0000 INFO  [o.n.k.i.DiagnosticsManager]:   NeoStore v0.A.1
2014-04-20 00:35:16.544+0000 INFO  [o.n.k.i.DiagnosticsManager]:   SchemaStore v0.A.1
2014-04-20 00:35:16.544+0000 INFO  [o.n.k.i.DiagnosticsManager]:   NodeStore v0.A.1
2014-04-20 00:35:16.544+0000 INFO  [o.n.k.i.DiagnosticsManager]:   RelationshipStore v0.A.1
2014-04-20 00:35:16.544+0000 INFO  [o.n.k.i.DiagnosticsManager]:   RelationshipTypeStore v0.A.1
2014-04-20 00:35:16.544+0000 INFO  [o.n.k.i.DiagnosticsManager]:   LabelTokenStore v0.A.1
2014-04-20 00:35:16.544+0000 INFO  [o.n.k.i.DiagnosticsManager]:   PropertyStore v0.A.1
2014-04-20 00:35:16.544+0000 INFO  [o.n.k.i.DiagnosticsManager]:   PropertyIndexStore v0.A.1
2014-04-20 00:35:16.544+0000 INFO  [o.n.k.i.DiagnosticsManager]:   StringPropertyStore v0.A.1
2014-04-20 00:35:16.544+0000 INFO  [o.n.k.i.DiagnosticsManager]:   ArrayPropertyStore v0.A.1
2014-04-20 00:35:16.544+0000 INFO  [o.n.k.i.DiagnosticsManager]: --- STARTED diagnostics for NEO_STORE_VERSIONS END ---
2014-04-20 00:35:16.544+0000 INFO  [o.n.k.i.DiagnosticsManager]: --- STARTED diagnostics for NEO_STORE_ID_USAGE START ---
2014-04-20 00:35:16.544+0000 INFO  [o.n.k.i.DiagnosticsManager]: Id usage:
2014-04-20 00:35:16.544+0000 INFO  [o.n.k.i.DiagnosticsManager]: Id usage:
2014-04-20 00:35:16.545+0000 INFO  [o.n.k.i.DiagnosticsManager]:   SchemaStore: used=1 high=0
2014-04-20 00:35:16.545+0000 INFO  [o.n.k.i.DiagnosticsManager]:   NodeStore: used=0 high=-1
2014-04-20 00:35:16.545+0000 INFO  [o.n.k.i.DiagnosticsManager]:   RelationshipStore: used=0 high=-1
2014-04-20 00:35:16.545+0000 INFO  [o.n.k.i.DiagnosticsManager]:   RelationshipTypeStore: used=0 high=-1
2014-04-20 00:35:16.545+0000 INFO  [o.n.k.i.DiagnosticsManager]:   LabelTokenStore: used=0 high=-1
2014-04-20 00:35:16.545+0000 INFO  [o.n.k.i.DiagnosticsManager]:   PropertyStore: used=0 high=-1
2014-04-20 00:35:16.545+0000 INFO  [o.n.k.i.DiagnosticsManager]:   PropertyIndexStore: used=0 high=-1
2014-04-20 00:35:16.545+0000 INFO  [o.n.k.i.DiagnosticsManager]:   StringPropertyStore: used=1 high=0
2014-04-20 00:35:16.545+0000 INFO  [o.n.k.i.DiagnosticsManager]:   ArrayPropertyStore: used=1 high=0
2014-04-20 00:35:16.545+0000 INFO  [o.n.k.i.DiagnosticsManager]: --- STARTED diagnostics for NEO_STORE_ID_USAGE END ---
2014-04-20 00:35:16.545+0000 INFO  [o.n.k.i.DiagnosticsManager]: --- STARTED diagnostics for PERSISTENCE_WINDOW_POOL_STATS START ---
2014-04-20 00:35:16.546+0000 INFO  [o.n.k.i.DiagnosticsManager]: --- STARTED diagnostics for PERSISTENCE_WINDOW_POOL_STATS END ---
2014-04-20 00:35:16.546+0000 INFO  [o.n.k.i.DiagnosticsManager]: --- STARTED diagnostics for KernelDiagnostics:StoreFiles START ---
2014-04-20 00:35:16.546+0000 INFO  [o.n.k.i.DiagnosticsManager]: Disk space on partition (Total / Free / Free %): 1000194011136 / 856350285824 / 85
Storage files: (filename : modification date - size)
2014-04-20 00:35:16.547+0000 INFO  [o.n.k.i.DiagnosticsManager]:   active_tx_log: 2014-04-20T06:05:16+0530 - 11.00 B
2014-04-20 00:35:16.547+0000 INFO  [o.n.k.i.DiagnosticsManager]:   index:
2014-04-20 00:35:16.547+0000 INFO  [o.n.k.i.DiagnosticsManager]:     lucene-store.db: 2014-04-20T06:05:16+0530 - 40.00 B
2014-04-20 00:35:16.547+0000 INFO  [o.n.k.i.DiagnosticsManager]:     lucene.log.1: 2014-04-20T06:05:16+0530 - 16.00 B
2014-04-20 00:35:16.547+0000 INFO  [o.n.k.i.DiagnosticsManager]:     lucene.log.active: 2014-04-20T06:05:16+0530 - 4.00 B
2014-04-20 00:35:16.547+0000 INFO  [o.n.k.i.DiagnosticsManager]:   - Total: 2014-04-20T06:05:16+0530 - 60.00 B
2014-04-20 00:35:16.548+0000 INFO  [o.n.k.i.DiagnosticsManager]:   lock: 2014-04-20T06:05:16+0530 - 0.00 B
2014-04-20 00:35:16.549+0000 INFO  [o.n.k.i.DiagnosticsManager]:   messages.log: 2014-04-20T06:05:16+0530 - 42.66 kB
2014-04-20 00:35:16.549+0000 INFO  [o.n.k.i.DiagnosticsManager]:   neostore: 2014-04-20T06:05:16+0530 - 63.00 B
2014-04-20 00:35:16.550+0000 INFO  [o.n.k.i.DiagnosticsManager]:   neostore.id: 2014-04-20T06:05:16+0530 - 9.00 B
2014-04-20 00:35:16.550+0000 INFO  [o.n.k.i.DiagnosticsManager]:   neostore.labeltokenstore.db: 2014-04-20T06:05:16+0530 - 0.00 B
2014-04-20 00:35:16.550+0000 INFO  [o.n.k.i.DiagnosticsManager]:   neostore.labeltokenstore.db.id: 2014-04-20T06:05:16+0530 - 9.00 B
2014-04-20 00:35:16.550+0000 INFO  [o.n.k.i.DiagnosticsManager]:   neostore.labeltokenstore.db.names: 2014-04-20T06:05:16+0530 - 38.00 B
2014-04-20 00:35:16.550+0000 INFO  [o.n.k.i.DiagnosticsManager]:   neostore.labeltokenstore.db.names.id: 2014-04-20T06:05:16+0530 - 9.00 B
2014-04-20 00:35:16.551+0000 INFO  [o.n.k.i.DiagnosticsManager]:   neostore.nodestore.db: 2014-04-20T06:05:16+0530 - 0.00 B
2014-04-20 00:35:16.551+0000 INFO  [o.n.k.i.DiagnosticsManager]:   neostore.nodestore.db.id: 2014-04-20T06:05:16+0530 - 9.00 B
2014-04-20 00:35:16.551+0000 INFO  [o.n.k.i.DiagnosticsManager]:   neostore.nodestore.db.labels: 2014-04-20T06:05:16+0530 - 68.00 B
2014-04-20 00:35:16.551+0000 INFO  [o.n.k.i.DiagnosticsManager]:   neostore.nodestore.db.labels.id: 2014-04-20T06:05:16+0530 - 9.00 B
2014-04-20 00:35:16.551+0000 INFO  [o.n.k.i.DiagnosticsManager]:   neostore.propertystore.db: 2014-04-20T06:05:16+0530 - 0.00 B
2014-04-20 00:35:16.552+0000 INFO  [o.n.k.i.DiagnosticsManager]:   neostore.propertystore.db.arrays: 2014-04-20T06:05:16+0530 - 128.00 B
2014-04-20 00:35:16.552+0000 INFO  [o.n.k.i.DiagnosticsManager]:   neostore.propertystore.db.arrays.id: 2014-04-20T06:05:16+0530 - 9.00 B
2014-04-20 00:35:16.552+0000 INFO  [o.n.k.i.DiagnosticsManager]:   neostore.propertystore.db.id: 2014-04-20T06:05:16+0530 - 9.00 B
2014-04-20 00:35:16.552+0000 INFO  [o.n.k.i.DiagnosticsManager]:   neostore.propertystore.db.index: 2014-04-20T06:05:16+0530 - 0.00 B
2014-04-20 00:35:16.552+0000 INFO  [o.n.k.i.DiagnosticsManager]:   neostore.propertystore.db.index.id: 2014-04-20T06:05:16+0530 - 9.00 B
2014-04-20 00:35:16.553+0000 INFO  [o.n.k.i.DiagnosticsManager]:   neostore.propertystore.db.index.keys: 2014-04-20T06:05:16+0530 - 38.00 B
2014-04-20 00:35:16.553+0000 INFO  [o.n.k.i.DiagnosticsManager]:   neostore.propertystore.db.index.keys.id: 2014-04-20T06:05:16+0530 - 9.00 B
2014-04-20 00:35:16.553+0000 INFO  [o.n.k.i.DiagnosticsManager]:   neostore.propertystore.db.strings: 2014-04-20T06:05:16+0530 - 128.00 B
2014-04-20 00:35:16.553+0000 INFO  [o.n.k.i.DiagnosticsManager]:   neostore.propertystore.db.strings.id: 2014-04-20T06:05:16+0530 - 9.00 B
2014-04-20 00:35:16.553+0000 INFO  [o.n.k.i.DiagnosticsManager]:   neostore.relationshipstore.db: 2014-04-20T06:05:16+0530 - 0.00 B
2014-04-20 00:35:16.554+0000 INFO  [o.n.k.i.DiagnosticsManager]:   neostore.relationshipstore.db.id: 2014-04-20T06:05:16+0530 - 9.00 B
2014-04-20 00:35:16.554+0000 INFO  [o.n.k.i.DiagnosticsManager]:   neostore.relationshiptypestore.db: 2014-04-20T06:05:16+0530 - 0.00 B
2014-04-20 00:35:16.554+0000 INFO  [o.n.k.i.DiagnosticsManager]:   neostore.relationshiptypestore.db.id: 2014-04-20T06:05:16+0530 - 9.00 B
2014-04-20 00:35:16.554+0000 INFO  [o.n.k.i.DiagnosticsManager]:   neostore.relationshiptypestore.db.names: 2014-04-20T06:05:16+0530 - 38.00 B
2014-04-20 00:35:16.554+0000 INFO  [o.n.k.i.DiagnosticsManager]:   neostore.relationshiptypestore.db.names.id: 2014-04-20T06:05:16+0530 - 9.00 B
2014-04-20 00:35:16.554+0000 INFO  [o.n.k.i.DiagnosticsManager]:   neostore.schemastore.db: 2014-04-20T06:05:16+0530 - 64.00 B
2014-04-20 00:35:16.555+0000 INFO  [o.n.k.i.DiagnosticsManager]:   neostore.schemastore.db.id: 2014-04-20T06:05:16+0530 - 9.00 B
2014-04-20 00:35:16.555+0000 INFO  [o.n.k.i.DiagnosticsManager]:   nioneo_logical.log.1: 2014-04-20T06:05:16+0530 - 16.00 B
2014-04-20 00:35:16.555+0000 INFO  [o.n.k.i.DiagnosticsManager]:   nioneo_logical.log.active: 2014-04-20T06:05:16+0530 - 4.00 B
2014-04-20 00:35:16.555+0000 INFO  [o.n.k.i.DiagnosticsManager]:   schema:
2014-04-20 00:35:16.555+0000 INFO  [o.n.k.i.DiagnosticsManager]:     label:
2014-04-20 00:35:16.555+0000 INFO  [o.n.k.i.DiagnosticsManager]:       lucene:
2014-04-20 00:35:16.555+0000 INFO  [o.n.k.i.DiagnosticsManager]:         write.lock: 2014-04-20T06:05:16+0530 - 0.00 B
2014-04-20 00:35:16.556+0000 INFO  [o.n.k.i.DiagnosticsManager]:       - Total: 2014-04-20T06:05:16+0530 - 0.00 B
2014-04-20 00:35:16.556+0000 INFO  [o.n.k.i.DiagnosticsManager]:     - Total: 2014-04-20T06:05:16+0530 - 0.00 B
2014-04-20 00:35:16.556+0000 INFO  [o.n.k.i.DiagnosticsManager]:   - Total: 2014-04-20T06:05:16+0530 - 0.00 B
2014-04-20 00:35:16.556+0000 INFO  [o.n.k.i.DiagnosticsManager]:   store_lock: 2014-04-20T06:05:16+0530 - 0.00 B
2014-04-20 00:35:16.556+0000 INFO  [o.n.k.i.DiagnosticsManager]:   tm_tx_log.1: 2014-04-20T06:05:16+0530 - 0.00 B
2014-04-20 00:35:16.556+0000 INFO  [o.n.k.i.DiagnosticsManager]: --- STARTED diagnostics for KernelDiagnostics:StoreFiles END ---
2014-04-20 00:35:16.583+0000 INFO  [o.n.k.EmbeddedGraphDatabase]: GC Monitor started. 
2014-04-20 00:35:16.583+0000 INFO  [o.n.k.EmbeddedGraphDatabase]: Database is now ready
2014-04-20 00:35:16.583+0000 INFO  [o.n.k.EmbeddedGraphDatabase]: Shutdown started
2014-04-20 00:35:16.583+0000 INFO  [o.n.k.EmbeddedGraphDatabase]: Database is now unavailable
2014-04-20 00:35:16.583+0000 INFO  [o.n.k.EmbeddedGraphDatabase]: GC Monitor stopped. 
2014-04-20 00:35:16.588+0000 INFO  [o.n.k.i.t.x.XaLogicalLog]: Closed log /Volumes/SAMSUNG/test_project/readers_door/neo4j/data/graph.db/index/lucene.log
2014-04-20 00:35:16.588+0000 INFO  [o.n.k.i.t.TxManager]: TM shutting down
2014-04-20 00:35:16.602+0000 INFO  [o.n.k.i.t.x.XaLogicalLog]: Closed log /Volumes/SAMSUNG/test_project/readers_door/neo4j/data/graph.db/nioneo_logical.log
2014-04-20 00:35:16.603+0000 INFO  [o.n.k.i.n.s.StoreFactory]: /Volumes/SAMSUNG/test_project/readers_door/neo4j/data/graph.db/neostore.relationshiptypestore.db.names hit=0 miss=0 switches=0 ooe=0
2014-04-20 00:35:16.605+0000 INFO  [o.n.k.i.n.s.StoreFactory]: /Volumes/SAMSUNG/test_project/readers_door/neo4j/data/graph.db/neostore.relationshiptypestore.db hit=0 miss=0 switches=0 ooe=0
2014-04-20 00:35:16.606+0000 INFO  [o.n.k.i.n.s.StoreFactory]: /Volumes/SAMSUNG/test_project/readers_door/neo4j/data/graph.db/neostore.labeltokenstore.db.names hit=0 miss=0 switches=0 ooe=0
2014-04-20 00:35:16.607+0000 INFO  [o.n.k.i.n.s.StoreFactory]: /Volumes/SAMSUNG/test_project/readers_door/neo4j/data/graph.db/neostore.labeltokenstore.db hit=0 miss=0 switches=0 ooe=0
2014-04-20 00:35:16.609+0000 INFO  [o.n.k.i.n.s.StoreFactory]: /Volumes/SAMSUNG/test_project/readers_door/neo4j/data/graph.db/neostore.propertystore.db.strings hit=0 miss=0 switches=0 ooe=0
2014-04-20 00:35:16.610+0000 INFO  [o.n.k.i.n.s.StoreFactory]: /Volumes/SAMSUNG/test_project/readers_door/neo4j/data/graph.db/neostore.propertystore.db.index.keys hit=0 miss=0 switches=0 ooe=0
2014-04-20 00:35:16.612+0000 INFO  [o.n.k.i.n.s.StoreFactory]: /Volumes/SAMSUNG/test_project/readers_door/neo4j/data/graph.db/neostore.propertystore.db.index hit=0 miss=0 switches=0 ooe=0
2014-04-20 00:35:16.613+0000 INFO  [o.n.k.i.n.s.StoreFactory]: /Volumes/SAMSUNG/test_project/readers_door/neo4j/data/graph.db/neostore.propertystore.db.arrays hit=0 miss=0 switches=0 ooe=0
2014-04-20 00:35:16.615+0000 INFO  [o.n.k.i.n.s.StoreFactory]: /Volumes/SAMSUNG/test_project/readers_door/neo4j/data/graph.db/neostore.propertystore.db hit=0 miss=0 switches=0 ooe=0
2014-04-20 00:35:16.617+0000 INFO  [o.n.k.i.n.s.StoreFactory]: /Volumes/SAMSUNG/test_project/readers_door/neo4j/data/graph.db/neostore.relationshipstore.db hit=0 miss=0 switches=0 ooe=0
2014-04-20 00:35:16.618+0000 INFO  [o.n.k.i.n.s.StoreFactory]: /Volumes/SAMSUNG/test_project/readers_door/neo4j/data/graph.db/neostore.nodestore.db.labels hit=0 miss=0 switches=0 ooe=0
2014-04-20 00:35:16.620+0000 INFO  [o.n.k.i.n.s.StoreFactory]: /Volumes/SAMSUNG/test_project/readers_door/neo4j/data/graph.db/neostore.nodestore.db hit=0 miss=0 switches=0 ooe=0
2014-04-20 00:35:16.622+0000 INFO  [o.n.k.i.n.s.StoreFactory]: /Volumes/SAMSUNG/test_project/readers_door/neo4j/data/graph.db/neostore.schemastore.db hit=0 miss=0 switches=0 ooe=0
2014-04-20 00:35:16.623+0000 INFO  [o.n.k.i.n.s.StoreFactory]: /Volumes/SAMSUNG/test_project/readers_door/neo4j/data/graph.db/neostore hit=0 miss=16 switches=0 ooe=0
2014-04-20 00:35:16.626+0000 INFO  [o.n.k.i.n.x.NeoStoreXaDataSource]: NeoStore closed
2014-04-20 00:35:16.626+0000 INFO  [o.n.k.i.DiagnosticsManager]: --- STOPPING diagnostics START ---
2014-04-20 00:35:16.626+0000 INFO  [o.n.k.i.DiagnosticsManager]: --- STOPPING diagnostics END ---
2014-04-20 00:35:16.642+0000 INFO  [o.n.k.i.DiagnosticsManager]: --- INITIALIZED diagnostics START ---
2014-04-20 00:35:16.642+0000 INFO  [o.n.k.i.DiagnosticsManager]: Neo4j Kernel properties:
2014-04-20 00:35:16.642+0000 INFO  [o.n.k.i.DiagnosticsManager]: neo_store=/Volumes/SAMSUNG/test_project/readers_door/neo4j/data/graph.db/neostore
2014-04-20 00:35:16.642+0000 INFO  [o.n.k.i.DiagnosticsManager]: ephemeral=false
2014-04-20 00:35:16.642+0000 INFO  [o.n.k.i.DiagnosticsManager]: neo4j.ext.udc.source=server
2014-04-20 00:35:16.642+0000 INFO  [o.n.k.i.DiagnosticsManager]: neostore.nodestore.db.mapped_memory=357M
2014-04-20 00:35:16.642+0000 INFO  [o.n.k.i.DiagnosticsManager]: neostore.propertystore.db.arrays.mapped_memory=1238M
2014-04-20 00:35:16.642+0000 INFO  [o.n.k.i.DiagnosticsManager]: keep_logical_logs=true
2014-04-20 00:35:16.642+0000 INFO  [o.n.k.i.DiagnosticsManager]: neostore.propertystore.db.mapped_memory=1285M
2014-04-20 00:35:16.642+0000 INFO  [o.n.k.i.DiagnosticsManager]: neostore.propertystore.db.strings.mapped_memory=1092M
2014-04-20 00:35:16.642+0000 INFO  [o.n.k.i.DiagnosticsManager]: store_dir=data/graph.db
2014-04-20 00:35:16.642+0000 INFO  [o.n.k.i.DiagnosticsManager]: remote_shell_enabled=true
2014-04-20 00:35:16.643+0000 INFO  [o.n.k.i.DiagnosticsManager]: neostore.relationshipstore.db.mapped_memory=1575M
2014-04-20 00:35:16.643+0000 INFO  [o.n.k.i.DiagnosticsManager]: Diagnostics providers:
2014-04-20 00:35:16.643+0000 INFO  [o.n.k.i.DiagnosticsManager]: org.neo4j.kernel.configuration.Config
2014-04-20 00:35:16.643+0000 INFO  [o.n.k.i.DiagnosticsManager]: org.neo4j.kernel.info.DiagnosticsManager
2014-04-20 00:35:16.643+0000 INFO  [o.n.k.i.DiagnosticsManager]: SYSTEM_MEMORY
2014-04-20 00:35:16.643+0000 INFO  [o.n.k.i.DiagnosticsManager]: JAVA_MEMORY
2014-04-20 00:35:16.643+0000 INFO  [o.n.k.i.DiagnosticsManager]: OPERATING_SYSTEM
2014-04-20 00:35:16.643+0000 INFO  [o.n.k.i.DiagnosticsManager]: JAVA_VIRTUAL_MACHINE
2014-04-20 00:35:16.643+0000 INFO  [o.n.k.i.DiagnosticsManager]: CLASSPATH
2014-04-20 00:35:16.643+0000 INFO  [o.n.k.i.DiagnosticsManager]: LIBRARY_PATH
2014-04-20 00:35:16.643+0000 INFO  [o.n.k.i.DiagnosticsManager]: SYSTEM_PROPERTIES
2014-04-20 00:35:16.643+0000 INFO  [o.n.k.i.DiagnosticsManager]: NETWORK
2014-04-20 00:35:16.643+0000 INFO  [o.n.k.i.DiagnosticsManager]: System memory information:
2014-04-20 00:35:16.643+0000 INFO  [o.n.k.i.DiagnosticsManager]: Total Physical memory: 16.00 GB
2014-04-20 00:35:16.643+0000 INFO  [o.n.k.i.DiagnosticsManager]: Free Physical memory: 4.50 GB
2014-04-20 00:35:16.643+0000 INFO  [o.n.k.i.DiagnosticsManager]: Committed virtual memory: 7.82 GB
2014-04-20 00:35:16.643+0000 INFO  [o.n.k.i.DiagnosticsManager]: Total swap space: 1.00 GB
2014-04-20 00:35:16.644+0000 INFO  [o.n.k.i.DiagnosticsManager]: Free swap space: 1.00 GB
2014-04-20 00:35:16.644+0000 INFO  [o.n.k.i.DiagnosticsManager]: JVM memory information:
2014-04-20 00:35:16.644+0000 INFO  [o.n.k.i.DiagnosticsManager]: Free  memory: 247.13 MB
2014-04-20 00:35:16.644+0000 INFO  [o.n.k.i.DiagnosticsManager]: Total memory: 255.88 MB
2014-04-20 00:35:16.644+0000 INFO  [o.n.k.i.DiagnosticsManager]: Max   memory: 3.94 GB
2014-04-20 00:35:16.644+0000 INFO  [o.n.k.i.DiagnosticsManager]: Garbage Collector: ParNew: [Par Eden Space, Par Survivor Space]
2014-04-20 00:35:16.644+0000 INFO  [o.n.k.i.DiagnosticsManager]: Garbage Collector: ConcurrentMarkSweep: [Par Eden Space, Par Survivor Space, CMS Old Gen]
2014-04-20 00:35:16.645+0000 INFO  [o.n.k.i.DiagnosticsManager]: Memory Pool: Code Cache (Non-heap memory): committed=4.00 MB, used=3.95 MB, max=240.00 MB, threshold=0.00 B
2014-04-20 00:35:16.645+0000 INFO  [o.n.k.i.DiagnosticsManager]: Memory Pool: Metaspace (Non-heap memory): committed=17.00 MB, used=16.59 MB, max=-1.00 B, threshold=0.00 B
2014-04-20 00:35:16.645+0000 INFO  [o.n.k.i.DiagnosticsManager]: Memory Pool: Compressed Class Space (Non-heap memory): committed=2.25 MB, used=2.17 MB, max=1.00 GB, threshold=0.00 B
2014-04-20 00:35:16.645+0000 INFO  [o.n.k.i.DiagnosticsManager]: Memory Pool: Par Eden Space (Heap memory): committed=1.00 MB, used=742.63 kB, max=532.56 MB, threshold=?
2014-04-20 00:35:16.646+0000 INFO  [o.n.k.i.DiagnosticsManager]: Memory Pool: Par Survivor Space (Heap memory): committed=128.00 kB, used=34.20 kB, max=66.50 MB, threshold=?
2014-04-20 00:35:16.646+0000 INFO  [o.n.k.i.DiagnosticsManager]: Memory Pool: CMS Old Gen (Heap memory): committed=254.75 MB, used=8.04 MB, max=3.35 GB, threshold=0.00 B
2014-04-20 00:35:16.646+0000 INFO  [o.n.k.i.DiagnosticsManager]: Operating system information:
2014-04-20 00:35:16.646+0000 INFO  [o.n.k.i.DiagnosticsManager]: Operating System: Mac OS X; version: 10.9.2; arch: x86_64; cpus: 8
2014-04-20 00:35:16.646+0000 INFO  [o.n.k.i.DiagnosticsManager]: Max number of file descriptors: 10240
2014-04-20 00:35:16.646+0000 INFO  [o.n.k.i.DiagnosticsManager]: Number of open file descriptors: 79
2014-04-20 00:35:16.646+0000 INFO  [o.n.k.i.DiagnosticsManager]: Process id: 16731@Bhuwan.local
2014-04-20 00:35:16.646+0000 INFO  [o.n.k.i.DiagnosticsManager]: Byte order: LITTLE_ENDIAN
2014-04-20 00:35:16.646+0000 INFO  [o.n.k.i.DiagnosticsManager]: Local timezone: Asia/Kolkata
2014-04-20 00:35:16.646+0000 INFO  [o.n.k.i.DiagnosticsManager]: JVM information:
2014-04-20 00:35:16.646+0000 INFO  [o.n.k.i.DiagnosticsManager]: VM Name: Java HotSpot(TM) 64-Bit Server VM
2014-04-20 00:35:16.646+0000 INFO  [o.n.k.i.DiagnosticsManager]: VM Vendor: Oracle Corporation
2014-04-20 00:35:16.646+0000 INFO  [o.n.k.i.DiagnosticsManager]: VM Version: 25.5-b02
2014-04-20 00:35:16.646+0000 INFO  [o.n.k.i.DiagnosticsManager]: JIT compiler: HotSpot 64-Bit Tiered Compilers
2014-04-20 00:35:16.646+0000 INFO  [o.n.k.i.DiagnosticsManager]: VM Arguments: [-XX:+DisableExplicitGC, -Dorg.neo4j.server.properties=conf/neo4j-server.properties, -Djava.util.logging.config.file=conf/logging.properties, -Dlog4j.configuration=file:conf/log4j.properties, -XX:+UseConcMarkSweepGC, -XX:+CMSClassUnloadingEnabled, -Dneo4j.home=/Volumes/SAMSUNG/test_project/readers_door/neo4j, -Dneo4j.instance=/Volumes/SAMSUNG/test_project/readers_door/neo4j, -Dfile.encoding=UTF-8]
2014-04-20 00:35:16.647+0000 INFO  [o.n.k.i.DiagnosticsManager]: Java classpath:
2014-04-20 00:35:16.651+0000 INFO  [o.n.k.i.DiagnosticsManager]:  [classpath + loader.0] file:/Volumes/SAMSUNG/test_project/readers_door/neo4j/system/lib/commons-digester-1.8.1.jar
2014-04-20 00:35:16.651+0000 INFO  [o.n.k.i.DiagnosticsManager]:  [classpath + loader.0] file:/Volumes/SAMSUNG/test_project/readers_door/neo4j/system/lib/logback-access-1.0.9.jar
2014-04-20 00:35:16.651+0000 INFO  [o.n.k.i.DiagnosticsManager]:  [loader.1] file:/System/Library/Java/Extensions/QTJava.zip
2014-04-20 00:35:16.651+0000 INFO  [o.n.k.i.DiagnosticsManager]:  [loader.1] file:/System/Library/Java/Extensions/libQTJNative.jnilib
2014-04-20 00:35:16.651+0000 INFO  [o.n.k.i.DiagnosticsManager]:  [classpath + loader.0] file:/Volumes/SAMSUNG/test_project/readers_door/neo4j/lib/scala-library-2.10.3.jar
2014-04-20 00:35:16.651+0000 INFO  [o.n.k.i.DiagnosticsManager]:  [classpath + loader.0] file:/Volumes/SAMSUNG/test_project/readers_door/neo4j/system/lib/rhino-1.7R3.jar
2014-04-20 00:35:16.651+0000 INFO  [o.n.k.i.DiagnosticsManager]:  [bootstrap] /Library/Java/JavaVirtualMachines/jdk1.8.0_05.jdk/Contents/Home/jre/lib/sunrsasign.jar
2014-04-20 00:35:16.651+0000 INFO  [o.n.k.i.DiagnosticsManager]:  [classpath + loader.0] file:/Volumes/SAMSUNG/test_project/readers_door/neo4j/system/lib/jetty-xml-9.0.5.v20130815.jar
2014-04-20 00:35:16.651+0000 INFO  [o.n.k.i.DiagnosticsManager]:  [classpath + loader.0] file:/Volumes/SAMSUNG/test_project/readers_door/neo4j/system/lib/bcprov-jdk16-140.jar
2014-04-20 00:35:16.652+0000 INFO  [o.n.k.i.DiagnosticsManager]:  [classpath + loader.0] file:/Volumes/SAMSUNG/test_project/readers_door/neo4j/lib/parboiled-scala_2.10-1.1.6.jar
2014-04-20 00:35:16.652+0000 INFO  [o.n.k.i.DiagnosticsManager]:  [bootstrap] /Library/Java/JavaVirtualMachines/jdk1.8.0_05.jdk/Contents/Home/jre/lib/jsse.jar
2014-04-20 00:35:16.652+0000 INFO  [o.n.k.i.DiagnosticsManager]:  [classpath + loader.0] file:/Volumes/SAMSUNG/test_project/readers_door/neo4j/lib/neo4j-cypher-compiler-2.0-2.0.1.jar
2014-04-20 00:35:16.652+0000 INFO  [o.n.k.i.DiagnosticsManager]:  [loader.1] file:/Library/Java/JavaVirtualMachines/jdk1.8.0_05.jdk/Contents/Home/jre/lib/ext/cldrdata.jar
2014-04-20 00:35:16.652+0000 INFO  [o.n.k.i.DiagnosticsManager]:  [classpath + loader.0] file:/Volumes/SAMSUNG/test_project/readers_door/neo4j/conf/
2014-04-20 00:35:16.652+0000 INFO  [o.n.k.i.DiagnosticsManager]:  [classpath + loader.0] file:/Volumes/SAMSUNG/test_project/readers_door/neo4j/system/lib/javax.servlet-3.0.0.v201112011016.jar
2014-04-20 00:35:16.652+0000 INFO  [o.n.k.i.DiagnosticsManager]:  [classpath + loader.0] file:/Volumes/SAMSUNG/test_project/readers_door/neo4j/lib/concurrentlinkedhashmap-lru-1.3.1.jar
2014-04-20 00:35:16.652+0000 INFO  [o.n.k.i.DiagnosticsManager]:  [classpath + loader.0] file:/Volumes/SAMSUNG/test_project/readers_door/neo4j/system/lib/slf4j-api-1.6.2.jar
2014-04-20 00:35:16.652+0000 INFO  [o.n.k.i.DiagnosticsManager]:  [classpath + loader.0] file:/Volumes/SAMSUNG/test_project/readers_door/neo4j/system/lib/asm-3.1.jar
2014-04-20 00:35:16.652+0000 INFO  [o.n.k.i.DiagnosticsManager]:  [classpath + loader.0] file:/Volumes/SAMSUNG/test_project/readers_door/neo4j/system/lib/commons-configuration-1.6.jar
2014-04-20 00:35:16.652+0000 INFO  [o.n.k.i.DiagnosticsManager]:  [classpath + loader.0] file:/Volumes/SAMSUNG/test_project/readers_door/neo4j/system/lib/jersey-server-1.9.jar
2014-04-20 00:35:16.652+0000 INFO  [o.n.k.i.DiagnosticsManager]:  [loader.1] file:/Library/Java/JavaVirtualMachines/jdk1.8.0_05.jdk/Contents/Home/jre/lib/ext/sunpkcs11.jar
2014-04-20 00:35:16.652+0000 INFO  [o.n.k.i.DiagnosticsManager]:  [classpath + loader.0] file:/Volumes/SAMSUNG/test_project/readers_door/neo4j/system/lib/rrd4j-2.0.7.jar
2014-04-20 00:35:16.652+0000 INFO  [o.n.k.i.DiagnosticsManager]:  [classpath + loader.0] file:/Volumes/SAMSUNG/test_project/readers_door/neo4j/system/lib/jackson-mapper-asl-1.9.7.jar
2014-04-20 00:35:16.652+0000 INFO  [o.n.k.i.DiagnosticsManager]:  [classpath + loader.0] file:/Volumes/SAMSUNG/test_project/readers_door/neo4j/system/lib/jetty-util-9.0.5.v20130815.jar
2014-04-20 00:35:16.652+0000 INFO  [o.n.k.i.DiagnosticsManager]:  [bootstrap] /Library/Java/JavaVirtualMachines/jdk1.8.0_05.jdk/Contents/Home/jre/lib/resources.jar
2014-04-20 00:35:16.652+0000 INFO  [o.n.k.i.DiagnosticsManager]:  [classpath + loader.0] file:/Volumes/SAMSUNG/test_project/readers_door/neo4j/system/lib/jetty-io-9.0.5.v20130815.jar
2014-04-20 00:35:16.652+0000 INFO  [o.n.k.i.DiagnosticsManager]:  [classpath + loader.0] file:/Volumes/SAMSUNG/test_project/readers_door/neo4j/lib/parboiled-core-1.1.6.jar
2014-04-20 00:35:16.652+0000 INFO  [o.n.k.i.DiagnosticsManager]:  [classpath + loader.0] file:/Volumes/SAMSUNG/test_project/readers_door/neo4j/system/lib/jsr311-api-1.1.2.r612.jar
2014-04-20 00:35:16.652+0000 INFO  [o.n.k.i.DiagnosticsManager]:  [classpath + loader.0] file:/Volumes/SAMSUNG/test_project/readers_door/neo4j/system/lib/commons-beanutils-core-1.8.0.jar
2014-04-20 00:35:16.652+0000 INFO  [o.n.k.i.DiagnosticsManager]:  [classpath + loader.0] file:/Volumes/SAMSUNG/test_project/readers_door/neo4j/system/lib/jackson-jaxrs-1.9.7.jar
2014-04-20 00:35:16.652+0000 INFO  [o.n.k.i.DiagnosticsManager]:  [classpath + loader.0] file:/Volumes/SAMSUNG/test_project/readers_door/neo4j/system/lib/jetty-webapp-9.0.5.v20130815.jar
2014-04-20 00:35:16.652+0000 INFO  [o.n.k.i.DiagnosticsManager]:  [classpath + loader.0] file:/Volumes/SAMSUNG/test_project/readers_door/neo4j/system/lib/commons-compiler-2.6.1.jar
2014-04-20 00:35:16.652+0000 INFO  [o.n.k.i.DiagnosticsManager]:  [loader.1] file:/Library/Java/JavaVirtualMachines/jdk1.8.0_05.jdk/Contents/Home/jre/lib/ext/sunjce_provider.jar
2014-04-20 00:35:16.652+0000 INFO  [o.n.k.i.DiagnosticsManager]:  [classpath + loader.0] file:/Volumes/SAMSUNG/test_project/readers_door/neo4j/lib/neo4j-cypher-commons-2.0.1.jar
2014-04-20 00:35:16.652+0000 INFO  [o.n.k.i.DiagnosticsManager]:  [loader.1] file:/System/Library/Java/Extensions/MRJToolkit.jar
2014-04-20 00:35:16.652+0000 INFO  [o.n.k.i.DiagnosticsManager]:  [bootstrap] /Library/Java/JavaVirtualMachines/jdk1.8.0_05.jdk/Contents/Home/jre/classes
2014-04-20 00:35:16.652+0000 INFO  [o.n.k.i.DiagnosticsManager]:  [classpath + loader.0] file:/Volumes/SAMSUNG/test_project/readers_door/neo4j/system/lib/commons-logging-1.1.1.jar
2014-04-20 00:35:16.652+0000 INFO  [o.n.k.i.DiagnosticsManager]:  [classpath + loader.0] file:/Volumes/SAMSUNG/test_project/readers_door/neo4j/system/lib/commons-collections-3.2.1.jar
2014-04-20 00:35:16.652+0000 INFO  [o.n.k.i.DiagnosticsManager]:  [classpath + loader.0] file:/Volumes/SAMSUNG/test_project/readers_door/neo4j/system/lib/jetty-http-9.0.5.v20130815.jar
2014-04-20 00:35:16.652+0000 INFO  [o.n.k.i.DiagnosticsManager]:  [loader.1] file:/Library/Java/JavaVirtualMachines/jdk1.8.0_05.jdk/Contents/Home/jre/lib/ext/nashorn.jar
2014-04-20 00:35:16.652+0000 INFO  [o.n.k.i.DiagnosticsManager]:  [classpath + loader.0] file:/Volumes/SAMSUNG/test_project/readers_door/neo4j/system/lib/neo4j-server-2.0.1.jar
2014-04-20 00:35:16.652+0000 INFO  [o.n.k.i.DiagnosticsManager]:  [classpath + loader.0] file:/Volumes/SAMSUNG/test_project/readers_door/neo4j/lib/org.apache.servicemix.bundles.jline-0.9.94_1.jar
2014-04-20 00:35:16.652+0000 INFO  [o.n.k.i.DiagnosticsManager]:  [bootstrap] /Library/Java/JavaVirtualMachines/jdk1.8.0_05.jdk/Contents/Home/jre/lib/jce.jar
2014-04-20 00:35:16.652+0000 INFO  [o.n.k.i.DiagnosticsManager]:  [classpath + loader.0] file:/Volumes/SAMSUNG/test_project/readers_door/neo4j/system/lib/logback-core-1.0.9.jar
2014-04-20 00:35:16.652+0000 INFO  [o.n.k.i.DiagnosticsManager]:  [loader.1] file:/Library/Java/JavaVirtualMachines/jdk1.8.0_05.jdk/Contents/Home/jre/lib/ext/localedata.jar
2014-04-20 00:35:16.652+0000 INFO  [o.n.k.i.DiagnosticsManager]:  [classpath + loader.0] file:/Volumes/SAMSUNG/test_project/readers_door/neo4j/system/lib/jersey-core-1.9.jar
2014-04-20 00:35:16.652+0000 INFO  [o.n.k.i.DiagnosticsManager]:  [classpath + loader.0] file:/Volumes/SAMSUNG/test_project/readers_door/neo4j/lib/lucene-core-3.6.2.jar
2014-04-20 00:35:16.652+0000 INFO  [o.n.k.i.DiagnosticsManager]:  [loader.1] file:/Library/Java/JavaVirtualMachines/jdk1.8.0_05.jdk/Contents/Home/jre/lib/ext/jfxrt.jar
2014-04-20 00:35:16.652+0000 INFO  [o.n.k.i.DiagnosticsManager]:  [loader.1] file:/Library/Java/JavaVirtualMachines/jdk1.8.0_05.jdk/Contents/Home/jre/lib/ext/zipfs.jar
2014-04-20 00:35:16.652+0000 INFO  [o.n.k.i.DiagnosticsManager]:  [classpath + loader.0] file:/Volumes/SAMSUNG/test_project/readers_door/neo4j/system/lib/jcl-over-slf4j-1.6.1.jar
2014-04-20 00:35:16.652+0000 INFO  [o.n.k.i.DiagnosticsManager]:  [classpath + loader.0] file:/Volumes/SAMSUNG/test_project/readers_door/neo4j/system/lib/neo4j-server-2.0.1-static-web.jar
2014-04-20 00:35:16.652+0000 INFO  [o.n.k.i.DiagnosticsManager]:  [classpath + loader.0] file:/Volumes/SAMSUNG/test_project/readers_door/neo4j/lib/server-api-2.0.1.jar
2014-04-20 00:35:16.652+0000 INFO  [o.n.k.i.DiagnosticsManager]:  [classpath + loader.0] file:/Volumes/SAMSUNG/test_project/readers_door/neo4j/system/lib/commons-io-1.4.jar
2014-04-20 00:35:16.652+0000 INFO  [o.n.k.i.DiagnosticsManager]:  [classpath + loader.0] file:/Volumes/SAMSUNG/test_project/readers_door/neo4j/system/lib/jetty-servlet-9.0.5.v20130815.jar
2014-04-20 00:35:16.652+0000 INFO  [o.n.k.i.DiagnosticsManager]:  [classpath + loader.0] file:/Volumes/SAMSUNG/test_project/readers_door/neo4j/system/lib/logback-classic-1.0.9.jar
2014-04-20 00:35:16.652+0000 INFO  [o.n.k.i.DiagnosticsManager]:  [classpath + loader.0] file:/Volumes/SAMSUNG/test_project/readers_door/neo4j/lib/neo4j-shell-2.0.1.jar
2014-04-20 00:35:16.652+0000 INFO  [o.n.k.i.DiagnosticsManager]:  [bootstrap] /Library/Java/JavaVirtualMachines/jdk1.8.0_05.jdk/Contents/Home/jre/lib/jfr.jar
2014-04-20 00:35:16.652+0000 INFO  [o.n.k.i.DiagnosticsManager]:  [classpath + loader.0] file:/Volumes/SAMSUNG/test_project/readers_door/neo4j/lib/neo4j-lucene-index-2.0.1.jar
2014-04-20 00:35:16.653+0000 INFO  [o.n.k.i.DiagnosticsManager]:  [classpath + loader.0] file:/Volumes/SAMSUNG/test_project/readers_door/neo4j/system/lib/jetty-security-9.0.5.v20130815.jar
2014-04-20 00:35:16.653+0000 INFO  [o.n.k.i.DiagnosticsManager]:  [classpath + loader.0] file:/Volumes/SAMSUNG/test_project/readers_door/neo4j/system/lib/commons-beanutils-1.8.0.jar
2014-04-20 00:35:16.653+0000 INFO  [o.n.k.i.DiagnosticsManager]:  [classpath + loader.0] file:/Volumes/SAMSUNG/test_project/readers_door/neo4j/system/lib/jetty-server-9.0.5.v20130815.jar
2014-04-20 00:35:16.653+0000 INFO  [o.n.k.i.DiagnosticsManager]:  [classpath + loader.0] file:/Volumes/SAMSUNG/test_project/readers_door/neo4j/system/lib/mimepull-1.6.jar
2014-04-20 00:35:16.653+0000 INFO  [o.n.k.i.DiagnosticsManager]:  [classpath + loader.0] file:/Volumes/SAMSUNG/test_project/readers_door/neo4j/system/lib/janino-2.6.1.jar
2014-04-20 00:35:16.653+0000 INFO  [o.n.k.i.DiagnosticsManager]:  [classpath + loader.0] file:/Volumes/SAMSUNG/test_project/readers_door/neo4j/lib/neo4j-graph-algo-2.0.1.jar
2014-04-20 00:35:16.653+0000 INFO  [o.n.k.i.DiagnosticsManager]:  [classpath + loader.0] file:/Volumes/SAMSUNG/test_project/readers_door/neo4j/lib/neo4j-kernel-2.0.1.jar
2014-04-20 00:35:16.653+0000 INFO  [o.n.k.i.DiagnosticsManager]:  [loader.1] file:/Library/Java/JavaVirtualMachines/jdk1.8.0_05.jdk/Contents/Home/jre/lib/ext/sunec.jar
2014-04-20 00:35:16.653+0000 INFO  [o.n.k.i.DiagnosticsManager]:  [bootstrap] /Library/Java/JavaVirtualMachines/jdk1.8.0_05.jdk/Contents/Home/jre/lib/charsets.jar
2014-04-20 00:35:16.653+0000 INFO  [o.n.k.i.DiagnosticsManager]:  [bootstrap] /Library/Java/JavaVirtualMachines/jdk1.8.0_05.jdk/Contents/Home/jre/lib/rt.jar
2014-04-20 00:35:16.653+0000 INFO  [o.n.k.i.DiagnosticsManager]:  [loader.1] file:/Library/Java/JavaVirtualMachines/jdk1.8.0_05.jdk/Contents/Home/jre/lib/ext/dnsns.jar
2014-04-20 00:35:16.653+0000 INFO  [o.n.k.i.DiagnosticsManager]:  [classpath + loader.0] file:/Volumes/SAMSUNG/test_project/readers_door/neo4j/system/lib/jackson-core-asl-1.9.7.jar
2014-04-20 00:35:16.653+0000 INFO  [o.n.k.i.DiagnosticsManager]:  [classpath + loader.0] file:/Volumes/SAMSUNG/test_project/readers_door/neo4j/lib/geronimo-jta_1.1_spec-1.1.1.jar
2014-04-20 00:35:16.653+0000 INFO  [o.n.k.i.DiagnosticsManager]:  [classpath + loader.0] file:/Volumes/SAMSUNG/test_project/readers_door/neo4j/lib/neo4j-graph-matching-2.0.1.jar
2014-04-20 00:35:16.653+0000 INFO  [o.n.k.i.DiagnosticsManager]:  [classpath + loader.0] file:/Volumes/SAMSUNG/test_project/readers_door/neo4j/lib/neo4j-cypher-2.0.1.jar
2014-04-20 00:35:16.653+0000 INFO  [o.n.k.i.DiagnosticsManager]:  [classpath + loader.0] file:/Volumes/SAMSUNG/test_project/readers_door/neo4j/system/lib/neo4j-browser-2.0.1.jar
2014-04-20 00:35:16.653+0000 INFO  [o.n.k.i.DiagnosticsManager]:  [classpath + loader.0] file:/Volumes/SAMSUNG/test_project/readers_door/neo4j/lib/neo4j-cypher-compiler-1.9-2.0.1.jar
2014-04-20 00:35:16.653+0000 INFO  [o.n.k.i.DiagnosticsManager]:  [classpath + loader.0] file:/Volumes/SAMSUNG/test_project/readers_door/neo4j/lib/neo4j-jmx-2.0.1.jar
2014-04-20 00:35:16.653+0000 INFO  [o.n.k.i.DiagnosticsManager]:  [classpath + loader.0] file:/Volumes/SAMSUNG/test_project/readers_door/neo4j/system/lib/jersey-multipart-1.9.jar
2014-04-20 00:35:16.653+0000 INFO  [o.n.k.i.DiagnosticsManager]:  [classpath + loader.0] file:/Volumes/SAMSUNG/test_project/readers_door/neo4j/lib/neo4j-udc-2.0.1.jar
2014-04-20 00:35:16.653+0000 INFO  [o.n.k.i.DiagnosticsManager]:  [classpath + loader.0] file:/Volumes/SAMSUNG/test_project/readers_door/neo4j/system/lib/commons-lang-2.4.jar
2014-04-20 00:35:16.653+0000 INFO  [o.n.k.i.DiagnosticsManager]: Library path:
2014-04-20 00:35:16.653+0000 INFO  [o.n.k.i.DiagnosticsManager]: /Users/bhuwan/Library/Java/Extensions
2014-04-20 00:35:16.653+0000 INFO  [o.n.k.i.DiagnosticsManager]: /Library/Java/Extensions
2014-04-20 00:35:16.653+0000 INFO  [o.n.k.i.DiagnosticsManager]: /Network/Library/Java/Extensions
2014-04-20 00:35:16.653+0000 INFO  [o.n.k.i.DiagnosticsManager]: /System/Library/Java/Extensions
2014-04-20 00:35:16.653+0000 INFO  [o.n.k.i.DiagnosticsManager]: /usr/lib/java
2014-04-20 00:35:16.653+0000 INFO  [o.n.k.i.DiagnosticsManager]: /Volumes/SAMSUNG/test_project/readers_door/neo4j
2014-04-20 00:35:16.653+0000 INFO  [o.n.k.i.DiagnosticsManager]: System.properties:
2014-04-20 00:35:16.654+0000 INFO  [o.n.k.i.DiagnosticsManager]: sun.boot.library.path = /Library/Java/JavaVirtualMachines/jdk1.8.0_05.jdk/Contents/Home/jre/lib
2014-04-20 00:35:16.654+0000 INFO  [o.n.k.i.DiagnosticsManager]: user.country.format = IN
2014-04-20 00:35:16.654+0000 INFO  [o.n.k.i.DiagnosticsManager]: org.neo4j.server.properties = conf/neo4j-server.properties
2014-04-20 00:35:16.654+0000 INFO  [o.n.k.i.DiagnosticsManager]: gopherProxySet = false
2014-04-20 00:35:16.654+0000 INFO  [o.n.k.i.DiagnosticsManager]: path.separator = :
2014-04-20 00:35:16.654+0000 INFO  [o.n.k.i.DiagnosticsManager]: file.encoding.pkg = sun.io
2014-04-20 00:35:16.654+0000 INFO  [o.n.k.i.DiagnosticsManager]: user.country = US
2014-04-20 00:35:16.654+0000 INFO  [o.n.k.i.DiagnosticsManager]: sun.java.launcher = SUN_STANDARD
2014-04-20 00:35:16.654+0000 INFO  [o.n.k.i.DiagnosticsManager]: sun.os.patch.level = unknown
2014-04-20 00:35:16.654+0000 INFO  [o.n.k.i.DiagnosticsManager]: user.dir = /Volumes/SAMSUNG/test_project/readers_door/neo4j
2014-04-20 00:35:16.654+0000 INFO  [o.n.k.i.DiagnosticsManager]: https.proxyHost = 127.0.0.1
2014-04-20 00:35:16.654+0000 INFO  [o.n.k.i.DiagnosticsManager]: log4j.configuration = file:conf/log4j.properties
2014-04-20 00:35:16.654+0000 INFO  [o.n.k.i.DiagnosticsManager]: sun.jnu.encoding = UTF-8
2014-04-20 00:35:16.654+0000 INFO  [o.n.k.i.DiagnosticsManager]: http.proxyPort = 8555
2014-04-20 00:35:16.654+0000 INFO  [o.n.k.i.DiagnosticsManager]: sun.management.compiler = HotSpot 64-Bit Tiered Compilers
2014-04-20 00:35:16.654+0000 INFO  [o.n.k.i.DiagnosticsManager]: http.nonProxyHosts = local|*.local|169.254/16|*.169.254/16
2014-04-20 00:35:16.654+0000 INFO  [o.n.k.i.DiagnosticsManager]: user.home = /Users/bhuwan
2014-04-20 00:35:16.654+0000 INFO  [o.n.k.i.DiagnosticsManager]: user.timezone = Asia/Kolkata
2014-04-20 00:35:16.654+0000 INFO  [o.n.k.i.DiagnosticsManager]: file.encoding = UTF-8
2014-04-20 00:35:16.654+0000 INFO  [o.n.k.i.DiagnosticsManager]: user.name = bhuwan
2014-04-20 00:35:16.654+0000 INFO  [o.n.k.i.DiagnosticsManager]: sun.java.command = org.neo4j.server.Bootstrapper
2014-04-20 00:35:16.654+0000 INFO  [o.n.k.i.DiagnosticsManager]: sun.arch.data.model = 64
2014-04-20 00:35:16.654+0000 INFO  [o.n.k.i.DiagnosticsManager]: user.language = en
2014-04-20 00:35:16.654+0000 INFO  [o.n.k.i.DiagnosticsManager]: awt.toolkit = sun.lwawt.macosx.LWCToolkit
2014-04-20 00:35:16.654+0000 INFO  [o.n.k.i.DiagnosticsManager]: http.proxyHost = 127.0.0.1
2014-04-20 00:35:16.654+0000 INFO  [o.n.k.i.DiagnosticsManager]: file.separator = /
2014-04-20 00:35:16.654+0000 INFO  [o.n.k.i.DiagnosticsManager]: sun.io.unicode.encoding = UnicodeBig
2014-04-20 00:35:16.654+0000 INFO  [o.n.k.i.DiagnosticsManager]: sun.cpu.endian = little
2014-04-20 00:35:16.654+0000 INFO  [o.n.k.i.DiagnosticsManager]: https.proxyPort = 8555
2014-04-20 00:35:16.654+0000 INFO  [o.n.k.i.DiagnosticsManager]: socksNonProxyHosts = local|*.local|169.254/16|*.169.254/16
2014-04-20 00:35:16.654+0000 INFO  [o.n.k.i.DiagnosticsManager]: neo4j.instance = /Volumes/SAMSUNG/test_project/readers_door/neo4j
2014-04-20 00:35:16.654+0000 INFO  [o.n.k.i.DiagnosticsManager]: ftp.nonProxyHosts = local|*.local|169.254/16|*.169.254/16
2014-04-20 00:35:16.654+0000 INFO  [o.n.k.i.DiagnosticsManager]: neo4j.home = /Volumes/SAMSUNG/test_project/readers_door/neo4j
2014-04-20 00:35:16.654+0000 INFO  [o.n.k.i.DiagnosticsManager]: sun.cpu.isalist = 
2014-04-20 00:35:16.654+0000 INFO  [o.n.k.i.DiagnosticsManager]: Network information:
2014-04-20 00:35:16.655+0000 INFO  [o.n.k.i.DiagnosticsManager]: Interface tun0:
2014-04-20 00:35:16.655+0000 INFO  [o.n.k.i.DiagnosticsManager]:     address: 10.254.32.13
2014-04-20 00:35:16.655+0000 INFO  [o.n.k.i.DiagnosticsManager]: Interface en0:
2014-04-20 00:35:16.655+0000 INFO  [o.n.k.i.DiagnosticsManager]:     address: fe80:0:0:0:6a5b:35ff:fea4:e3d0%en0
2014-04-20 00:35:16.655+0000 INFO  [o.n.k.i.DiagnosticsManager]:     address: 192.168.1.4
2014-04-20 00:35:16.655+0000 INFO  [o.n.k.i.DiagnosticsManager]: Interface lo0:
2014-04-20 00:35:16.655+0000 INFO  [o.n.k.i.DiagnosticsManager]:     address: fe80:0:0:0:0:0:0:1%lo0
2014-04-20 00:35:16.655+0000 INFO  [o.n.k.i.DiagnosticsManager]:     address: 0:0:0:0:0:0:0:1
2014-04-20 00:35:16.655+0000 INFO  [o.n.k.i.DiagnosticsManager]:     address: 127.0.0.1
2014-04-20 00:35:16.655+0000 INFO  [o.n.k.i.DiagnosticsManager]: --- INITIALIZED diagnostics END ---
2014-04-20 00:35:16.663+0000 INFO  [o.n.k.i.n.s.StoreFactory]: [/Volumes/SAMSUNG/test_project/readers_door/neo4j/data/graph.db/neostore.relationshiptypestore.db.names] brickCount=0 brickSize=0b mappedMem=0b (storeSize=38b)
2014-04-20 00:35:16.663+0000 INFO  [o.n.k.i.n.s.StoreFactory]: [/Volumes/SAMSUNG/test_project/readers_door/neo4j/data/graph.db/neostore.relationshiptypestore.db] brickCount=0 brickSize=0b mappedMem=0b (storeSize=0b)
2014-04-20 00:35:16.663+0000 INFO  [o.n.k.i.n.s.StoreFactory]: [/Volumes/SAMSUNG/test_project/readers_door/neo4j/data/graph.db/neostore.labeltokenstore.db.names] brickCount=0 brickSize=0b mappedMem=0b (storeSize=38b)
2014-04-20 00:35:16.663+0000 INFO  [o.n.k.i.n.s.StoreFactory]: [/Volumes/SAMSUNG/test_project/readers_door/neo4j/data/graph.db/neostore.labeltokenstore.db] brickCount=0 brickSize=0b mappedMem=0b (storeSize=0b)
2014-04-20 00:35:16.664+0000 INFO  [o.n.k.i.n.s.StoreFactory]: [/Volumes/SAMSUNG/test_project/readers_door/neo4j/data/graph.db/neostore.propertystore.db.strings] brickCount=0 brickSize=1144960b mappedMem=1145044992b (storeSize=128b)
2014-04-20 00:35:16.664+0000 INFO  [o.n.k.i.n.s.StoreFactory]: [/Volumes/SAMSUNG/test_project/readers_door/neo4j/data/graph.db/neostore.propertystore.db.index.keys] brickCount=0 brickSize=0b mappedMem=0b (storeSize=38b)
2014-04-20 00:35:16.664+0000 INFO  [o.n.k.i.n.s.StoreFactory]: [/Volumes/SAMSUNG/test_project/readers_door/neo4j/data/graph.db/neostore.propertystore.db.index] brickCount=0 brickSize=0b mappedMem=0b (storeSize=0b)
2014-04-20 00:35:16.664+0000 INFO  [o.n.k.i.n.s.StoreFactory]: [/Volumes/SAMSUNG/test_project/readers_door/neo4j/data/graph.db/neostore.propertystore.db.arrays] brickCount=0 brickSize=1298048b mappedMem=1298137088b (storeSize=128b)
2014-04-20 00:35:16.665+0000 INFO  [o.n.k.i.n.s.StoreFactory]: [/Volumes/SAMSUNG/test_project/readers_door/neo4j/data/graph.db/neostore.propertystore.db] brickCount=0 brickSize=13474199b mappedMem=1347420160b (storeSize=0b)
2014-04-20 00:35:16.665+0000 INFO  [o.n.k.i.n.s.StoreFactory]: [/Volumes/SAMSUNG/test_project/readers_door/neo4j/data/graph.db/neostore.relationshipstore.db] brickCount=0 brickSize=16515048b mappedMem=1651507200b (storeSize=0b)
2014-04-20 00:35:16.665+0000 INFO  [o.n.k.i.n.s.StoreFactory]: [/Volumes/SAMSUNG/test_project/readers_door/neo4j/data/graph.db/neostore.nodestore.db.labels] brickCount=0 brickSize=0b mappedMem=0b (storeSize=68b)
2014-04-20 00:35:16.665+0000 INFO  [o.n.k.i.n.s.StoreFactory]: [/Volumes/SAMSUNG/test_project/readers_door/neo4j/data/graph.db/neostore.nodestore.db] brickCount=0 brickSize=3743404b mappedMem=374341632b (storeSize=0b)
2014-04-20 00:35:16.665+0000 INFO  [o.n.k.i.n.s.StoreFactory]: [/Volumes/SAMSUNG/test_project/readers_door/neo4j/data/graph.db/neostore.schemastore.db] brickCount=0 brickSize=0b mappedMem=0b (storeSize=64b)
2014-04-20 00:35:16.666+0000 INFO  [o.n.k.i.n.s.StoreFactory]: [/Volumes/SAMSUNG/test_project/readers_door/neo4j/data/graph.db/neostore] brickCount=0 brickSize=0b mappedMem=0b (storeSize=63b)
2014-04-20 00:35:16.671+0000 INFO  [o.n.k.i.t.x.XaLogicalLog]: Opened logical log [data/graph.db/nioneo_logical.log.1] version=1, lastTxId=1 (clean)
2014-04-20 00:35:16.673+0000 INFO  [o.n.k.i.t.TxManager]: TM opening log: data/graph.db/tm_tx_log.1
2014-04-20 00:35:16.752+0000 INFO  [o.n.k.i.t.x.XaLogicalLog]: Opened logical log [data/graph.db/index/lucene.log.1] version=1, lastTxId=1 (clean)
2014-04-20 00:35:16.753+0000 INFO  [o.n.k.i.DiagnosticsManager]: --- STARTED diagnostics for KernelDiagnostics:Versions START ---
2014-04-20 00:35:16.753+0000 INFO  [o.n.k.i.DiagnosticsManager]: Graph Database: org.neo4j.kernel.EmbeddedGraphDatabase StoreId[time:1397954116232, id:974146478329294027, store version: 13843131341501958]
2014-04-20 00:35:16.753+0000 INFO  [o.n.k.i.DiagnosticsManager]: Kernel version: Neo4j - Graph Database Kernel (neo4j-kernel), version: 2.0.1
2014-04-20 00:35:16.753+0000 INFO  [o.n.k.i.DiagnosticsManager]: Neo4j component versions:
2014-04-20 00:35:16.759+0000 INFO  [o.n.k.i.DiagnosticsManager]:   Neo4j - Cypher Compiler 1.9 (neo4j-cypher-compiler-1.9), version: 2.0.1; revision: 2.0.1:master:878/8bb63c9c059d8a491b7909e08da86a820c28d3a5
2014-04-20 00:35:16.759+0000 INFO  [o.n.k.i.DiagnosticsManager]:   Neo4j - Cypher Commons (neo4j-cypher-commons), version: 2.0.1; revision: 2.0.1:master:878/8bb63c9c059d8a491b7909e08da86a820c28d3a5
2014-04-20 00:35:16.759+0000 INFO  [o.n.k.i.DiagnosticsManager]:   Neo4j Server API (server-api), version: 2.0.1; revision: 2.0.1:master:878/8bb63c9c059d8a491b7909e08da86a820c28d3a5
2014-04-20 00:35:16.759+0000 INFO  [o.n.k.i.DiagnosticsManager]:   Neo4j - Graph Database Kernel (neo4j-kernel), version: 2.0.1; revision: 2.0.1:master:878/8bb63c9c059d8a491b7909e08da86a820c28d3a5
2014-04-20 00:35:16.759+0000 INFO  [o.n.k.i.DiagnosticsManager]:   Neo4j - Generic shell (neo4j-shell), version: 2.0.1; revision: 2.0.1:master:878/8bb63c9c059d8a491b7909e08da86a820c28d3a5
2014-04-20 00:35:16.759+0000 INFO  [o.n.k.i.DiagnosticsManager]:   neo4j-udc, version: 2.0.1; revision: 2.0.1:master:878/8bb63c9c059d8a491b7909e08da86a820c28d3a5
2014-04-20 00:35:16.759+0000 INFO  [o.n.k.i.DiagnosticsManager]:   Neo4j - Lucene Index (neo4j-lucene-index), version: 2.0.1; revision: 2.0.1:master:878/8bb63c9c059d8a491b7909e08da86a820c28d3a5
2014-04-20 00:35:16.759+0000 INFO  [o.n.k.i.DiagnosticsManager]:   Neo4j Server (neo4j-server), version: 2.0.1; revision: 2.0.1:master:878/8bb63c9c059d8a491b7909e08da86a820c28d3a5
2014-04-20 00:35:16.759+0000 INFO  [o.n.k.i.DiagnosticsManager]:   Neo4j - Cypher Compiler 2.0 (neo4j-cypher-compiler-2.0), version: 2.0.1; revision: 2.0.1:master:878/8bb63c9c059d8a491b7909e08da86a820c28d3a5
2014-04-20 00:35:16.759+0000 INFO  [o.n.k.i.DiagnosticsManager]:   Neo4j - Graph Matching (neo4j-graph-matching), version: 2.0.1; revision: 2.0.1:master:878/8bb63c9c059d8a491b7909e08da86a820c28d3a5
2014-04-20 00:35:16.759+0000 INFO  [o.n.k.i.DiagnosticsManager]:   Neo4j - JMX support (neo4j-jmx), version: 2.0.1; revision: 2.0.1:master:878/8bb63c9c059d8a491b7909e08da86a820c28d3a5
2014-04-20 00:35:16.759+0000 INFO  [o.n.k.i.DiagnosticsManager]:   Neo4j - Cypher (neo4j-cypher), version: 2.0.1; revision: 2.0.1:master:878/8bb63c9c059d8a491b7909e08da86a820c28d3a5
2014-04-20 00:35:16.759+0000 INFO  [o.n.k.i.DiagnosticsManager]:   Neo4j - Graph Algorithms (neo4j-graph-algo), version: 2.0.1; revision: 2.0.1:master:878/8bb63c9c059d8a491b7909e08da86a820c28d3a5
2014-04-20 00:35:16.759+0000 INFO  [o.n.k.i.DiagnosticsManager]: --- STARTED diagnostics for KernelDiagnostics:Versions END ---
2014-04-20 00:35:16.759+0000 INFO  [o.n.k.i.DiagnosticsManager]: --- STARTED diagnostics for NEO_STORE_VERSIONS START ---
2014-04-20 00:35:16.759+0000 INFO  [o.n.k.i.DiagnosticsManager]: Store versions:
2014-04-20 00:35:16.759+0000 INFO  [o.n.k.i.DiagnosticsManager]: Store versions:
2014-04-20 00:35:16.759+0000 INFO  [o.n.k.i.DiagnosticsManager]:   NeoStore v0.A.1
2014-04-20 00:35:16.759+0000 INFO  [o.n.k.i.DiagnosticsManager]:   SchemaStore v0.A.1
2014-04-20 00:35:16.759+0000 INFO  [o.n.k.i.DiagnosticsManager]:   NodeStore v0.A.1
2014-04-20 00:35:16.759+0000 INFO  [o.n.k.i.DiagnosticsManager]:   RelationshipStore v0.A.1
2014-04-20 00:35:16.759+0000 INFO  [o.n.k.i.DiagnosticsManager]:   RelationshipTypeStore v0.A.1
2014-04-20 00:35:16.759+0000 INFO  [o.n.k.i.DiagnosticsManager]:   LabelTokenStore v0.A.1
2014-04-20 00:35:16.759+0000 INFO  [o.n.k.i.DiagnosticsManager]:   PropertyStore v0.A.1
2014-04-20 00:35:16.759+0000 INFO  [o.n.k.i.DiagnosticsManager]:   PropertyIndexStore v0.A.1
2014-04-20 00:35:16.759+0000 INFO  [o.n.k.i.DiagnosticsManager]:   StringPropertyStore v0.A.1
2014-04-20 00:35:16.759+0000 INFO  [o.n.k.i.DiagnosticsManager]:   ArrayPropertyStore v0.A.1
2014-04-20 00:35:16.759+0000 INFO  [o.n.k.i.DiagnosticsManager]: --- STARTED diagnostics for NEO_STORE_VERSIONS END ---
2014-04-20 00:35:16.759+0000 INFO  [o.n.k.i.DiagnosticsManager]: --- STARTED diagnostics for NEO_STORE_ID_USAGE START ---
2014-04-20 00:35:16.759+0000 INFO  [o.n.k.i.DiagnosticsManager]: Id usage:
2014-04-20 00:35:16.759+0000 INFO  [o.n.k.i.DiagnosticsManager]: Id usage:
2014-04-20 00:35:16.760+0000 INFO  [o.n.k.i.DiagnosticsManager]:   SchemaStore: used=1 high=0
2014-04-20 00:35:16.760+0000 INFO  [o.n.k.i.DiagnosticsManager]:   NodeStore: used=0 high=-1
2014-04-20 00:35:16.760+0000 INFO  [o.n.k.i.DiagnosticsManager]:   RelationshipStore: used=0 high=-1
2014-04-20 00:35:16.760+0000 INFO  [o.n.k.i.DiagnosticsManager]:   RelationshipTypeStore: used=0 high=-1
2014-04-20 00:35:16.760+0000 INFO  [o.n.k.i.DiagnosticsManager]:   LabelTokenStore: used=0 high=-1
2014-04-20 00:35:16.760+0000 INFO  [o.n.k.i.DiagnosticsManager]:   PropertyStore: used=0 high=-1
2014-04-20 00:35:16.760+0000 INFO  [o.n.k.i.DiagnosticsManager]:   PropertyIndexStore: used=0 high=-1
2014-04-20 00:35:16.760+0000 INFO  [o.n.k.i.DiagnosticsManager]:   StringPropertyStore: used=1 high=0
2014-04-20 00:35:16.760+0000 INFO  [o.n.k.i.DiagnosticsManager]:   ArrayPropertyStore: used=1 high=0
2014-04-20 00:35:16.760+0000 INFO  [o.n.k.i.DiagnosticsManager]: --- STARTED diagnostics for NEO_STORE_ID_USAGE END ---
2014-04-20 00:35:16.760+0000 INFO  [o.n.k.i.DiagnosticsManager]: --- STARTED diagnostics for PERSISTENCE_WINDOW_POOL_STATS START ---
2014-04-20 00:35:16.760+0000 INFO  [o.n.k.i.DiagnosticsManager]: --- STARTED diagnostics for PERSISTENCE_WINDOW_POOL_STATS END ---
2014-04-20 00:35:16.760+0000 INFO  [o.n.k.i.DiagnosticsManager]: --- STARTED diagnostics for KernelDiagnostics:StoreFiles START ---
2014-04-20 00:35:16.760+0000 INFO  [o.n.k.i.DiagnosticsManager]: Disk space on partition (Total / Free / Free %): 1000194011136 / 856350236672 / 85
Storage files: (filename : modification date - size)
2014-04-20 00:35:16.761+0000 INFO  [o.n.k.i.DiagnosticsManager]:   active_tx_log: 2014-04-20T06:05:16+0530 - 11.00 B
2014-04-20 00:35:16.761+0000 INFO  [o.n.k.i.DiagnosticsManager]:   index:
2014-04-20 00:35:16.761+0000 INFO  [o.n.k.i.DiagnosticsManager]:     lucene-store.db: 2014-04-20T06:05:16+0530 - 40.00 B
2014-04-20 00:35:16.761+0000 INFO  [o.n.k.i.DiagnosticsManager]:     lucene.log.1: 2014-04-20T06:05:16+0530 - 16.00 B
2014-04-20 00:35:16.761+0000 INFO  [o.n.k.i.DiagnosticsManager]:     lucene.log.active: 2014-04-20T06:05:16+0530 - 4.00 B
2014-04-20 00:35:16.762+0000 INFO  [o.n.k.i.DiagnosticsManager]:     lucene.log.v0: 2014-04-20T06:05:16+0530 - 16.00 B
2014-04-20 00:35:16.762+0000 INFO  [o.n.k.i.DiagnosticsManager]:   - Total: 2014-04-20T06:05:16+0530 - 76.00 B
2014-04-20 00:35:16.762+0000 INFO  [o.n.k.i.DiagnosticsManager]:   lock: 2014-04-20T06:05:16+0530 - 0.00 B
2014-04-20 00:35:16.762+0000 INFO  [o.n.k.i.DiagnosticsManager]:   messages.log: 2014-04-20T06:05:16+0530 - 86.34 kB
2014-04-20 00:35:16.762+0000 INFO  [o.n.k.i.DiagnosticsManager]:   neostore: 2014-04-20T06:05:16+0530 - 63.00 B
2014-04-20 00:35:16.762+0000 INFO  [o.n.k.i.DiagnosticsManager]:   neostore.id: 2014-04-20T06:05:16+0530 - 9.00 B
2014-04-20 00:35:16.762+0000 INFO  [o.n.k.i.DiagnosticsManager]:   neostore.labeltokenstore.db: 2014-04-20T06:05:16+0530 - 0.00 B
2014-04-20 00:35:16.763+0000 INFO  [o.n.k.i.DiagnosticsManager]:   neostore.labeltokenstore.db.id: 2014-04-20T06:05:16+0530 - 9.00 B
2014-04-20 00:35:16.763+0000 INFO  [o.n.k.i.DiagnosticsManager]:   neostore.labeltokenstore.db.names: 2014-04-20T06:05:16+0530 - 38.00 B
2014-04-20 00:35:16.763+0000 INFO  [o.n.k.i.DiagnosticsManager]:   neostore.labeltokenstore.db.names.id: 2014-04-20T06:05:16+0530 - 9.00 B
2014-04-20 00:35:16.763+0000 INFO  [o.n.k.i.DiagnosticsManager]:   neostore.nodestore.db: 2014-04-20T06:05:16+0530 - 0.00 B
2014-04-20 00:35:16.763+0000 INFO  [o.n.k.i.DiagnosticsManager]:   neostore.nodestore.db.id: 2014-04-20T06:05:16+0530 - 9.00 B
2014-04-20 00:35:16.763+0000 INFO  [o.n.k.i.DiagnosticsManager]:   neostore.nodestore.db.labels: 2014-04-20T06:05:16+0530 - 68.00 B
2014-04-20 00:35:16.763+0000 INFO  [o.n.k.i.DiagnosticsManager]:   neostore.nodestore.db.labels.id: 2014-04-20T06:05:16+0530 - 9.00 B
2014-04-20 00:35:16.764+0000 INFO  [o.n.k.i.DiagnosticsManager]:   neostore.propertystore.db: 2014-04-20T06:05:16+0530 - 0.00 B
2014-04-20 00:35:16.764+0000 INFO  [o.n.k.i.DiagnosticsManager]:   neostore.propertystore.db.arrays: 2014-04-20T06:05:16+0530 - 128.00 B
2014-04-20 00:35:16.764+0000 INFO  [o.n.k.i.DiagnosticsManager]:   neostore.propertystore.db.arrays.id: 2014-04-20T06:05:16+0530 - 9.00 B
2014-04-20 00:35:16.764+0000 INFO  [o.n.k.i.DiagnosticsManager]:   neostore.propertystore.db.id: 2014-04-20T06:05:16+0530 - 9.00 B
2014-04-20 00:35:16.764+0000 INFO  [o.n.k.i.DiagnosticsManager]:   neostore.propertystore.db.index: 2014-04-20T06:05:16+0530 - 0.00 B
2014-04-20 00:35:16.765+0000 INFO  [o.n.k.i.DiagnosticsManager]:   neostore.propertystore.db.index.id: 2014-04-20T06:05:16+0530 - 9.00 B
2014-04-20 00:35:16.765+0000 INFO  [o.n.k.i.DiagnosticsManager]:   neostore.propertystore.db.index.keys: 2014-04-20T06:05:16+0530 - 38.00 B
2014-04-20 00:35:16.765+0000 INFO  [o.n.k.i.DiagnosticsManager]:   neostore.propertystore.db.index.keys.id: 2014-04-20T06:05:16+0530 - 9.00 B
2014-04-20 00:35:16.765+0000 INFO  [o.n.k.i.DiagnosticsManager]:   neostore.propertystore.db.strings: 2014-04-20T06:05:16+0530 - 128.00 B
2014-04-20 00:35:16.766+0000 INFO  [o.n.k.i.DiagnosticsManager]:   neostore.propertystore.db.strings.id: 2014-04-20T06:05:16+0530 - 9.00 B
2014-04-20 00:35:16.766+0000 INFO  [o.n.k.i.DiagnosticsManager]:   neostore.relationshipstore.db: 2014-04-20T06:05:16+0530 - 0.00 B
2014-04-20 00:35:16.766+0000 INFO  [o.n.k.i.DiagnosticsManager]:   neostore.relationshipstore.db.id: 2014-04-20T06:05:16+0530 - 9.00 B
2014-04-20 00:35:16.766+0000 INFO  [o.n.k.i.DiagnosticsManager]:   neostore.relationshiptypestore.db: 2014-04-20T06:05:16+0530 - 0.00 B
2014-04-20 00:35:16.766+0000 INFO  [o.n.k.i.DiagnosticsManager]:   neostore.relationshiptypestore.db.id: 2014-04-20T06:05:16+0530 - 9.00 B
2014-04-20 00:35:16.766+0000 INFO  [o.n.k.i.DiagnosticsManager]:   neostore.relationshiptypestore.db.names: 2014-04-20T06:05:16+0530 - 38.00 B
2014-04-20 00:35:16.767+0000 INFO  [o.n.k.i.DiagnosticsManager]:   neostore.relationshiptypestore.db.names.id: 2014-04-20T06:05:16+0530 - 9.00 B
2014-04-20 00:35:16.767+0000 INFO  [o.n.k.i.DiagnosticsManager]:   neostore.schemastore.db: 2014-04-20T06:05:16+0530 - 64.00 B
2014-04-20 00:35:16.767+0000 INFO  [o.n.k.i.DiagnosticsManager]:   neostore.schemastore.db.id: 2014-04-20T06:05:16+0530 - 9.00 B
2014-04-20 00:35:16.767+0000 INFO  [o.n.k.i.DiagnosticsManager]:   nioneo_logical.log.1: 2014-04-20T06:05:16+0530 - 16.00 B
2014-04-20 00:35:16.767+0000 INFO  [o.n.k.i.DiagnosticsManager]:   nioneo_logical.log.active: 2014-04-20T06:05:16+0530 - 4.00 B
2014-04-20 00:35:16.768+0000 INFO  [o.n.k.i.DiagnosticsManager]:   nioneo_logical.log.v0: 2014-04-20T06:05:16+0530 - 16.00 B
2014-04-20 00:35:16.768+0000 INFO  [o.n.k.i.DiagnosticsManager]:   schema:
2014-04-20 00:35:16.768+0000 INFO  [o.n.k.i.DiagnosticsManager]:     label:
2014-04-20 00:35:16.768+0000 INFO  [o.n.k.i.DiagnosticsManager]:       lucene:
2014-04-20 00:35:16.768+0000 INFO  [o.n.k.i.DiagnosticsManager]:         segments.gen: 2014-04-20T06:05:16+0530 - 20.00 B
2014-04-20 00:35:16.768+0000 INFO  [o.n.k.i.DiagnosticsManager]:         segments_1: 2014-04-20T06:05:16+0530 - 32.00 B
2014-04-20 00:35:16.769+0000 INFO  [o.n.k.i.DiagnosticsManager]:         write.lock: 2014-04-20T06:05:16+0530 - 0.00 B
2014-04-20 00:35:16.769+0000 INFO  [o.n.k.i.DiagnosticsManager]:       - Total: 2014-04-20T06:05:16+0530 - 52.00 B
2014-04-20 00:35:16.769+0000 INFO  [o.n.k.i.DiagnosticsManager]:     - Total: 2014-04-20T06:05:16+0530 - 52.00 B
2014-04-20 00:35:16.769+0000 INFO  [o.n.k.i.DiagnosticsManager]:   - Total: 2014-04-20T06:05:16+0530 - 52.00 B
2014-04-20 00:35:16.769+0000 INFO  [o.n.k.i.DiagnosticsManager]:   store_lock: 2014-04-20T06:05:16+0530 - 0.00 B
2014-04-20 00:35:16.769+0000 INFO  [o.n.k.i.DiagnosticsManager]:   tm_tx_log.1: 2014-04-20T06:05:16+0530 - 0.00 B
2014-04-20 00:35:16.769+0000 INFO  [o.n.k.i.DiagnosticsManager]: --- STARTED diagnostics for KernelDiagnostics:StoreFiles END ---
2014-04-20 00:35:16.770+0000 INFO  [o.n.k.EmbeddedGraphDatabase]: Database is now ready
2014-04-20 00:35:16.770+0000 INFO  [o.n.k.EmbeddedGraphDatabase]: GC Monitor started. 
2014-04-20 00:35:16.771+0000 INFO  [o.n.k.i.DiagnosticsManager]: --- SERVER STARTED START ---
2014-04-20 00:35:17.904+0000 INFO  [o.n.k.i.DiagnosticsManager]: --- STARTED diagnostics for org.neo4j.server.configuration.Configurator START ---
2014-04-20 00:35:17.906+0000 INFO  [o.n.k.i.DiagnosticsManager]: Server configuration:
2014-04-20 00:35:17.906+0000 INFO  [o.n.k.i.DiagnosticsManager]: org.neo4j.server.database.location = data/graph.db
2014-04-20 00:35:17.907+0000 INFO  [o.n.k.i.DiagnosticsManager]: org.neo4j.server.webserver.port = 7474
2014-04-20 00:35:17.907+0000 INFO  [o.n.k.i.DiagnosticsManager]: org.neo4j.server.webserver.https.enabled = true
2014-04-20 00:35:17.907+0000 INFO  [o.n.k.i.DiagnosticsManager]: org.neo4j.server.webserver.https.port = 7473
2014-04-20 00:35:17.907+0000 INFO  [o.n.k.i.DiagnosticsManager]: org.neo4j.server.webserver.https.cert.location = conf/ssl/snakeoil.cert
2014-04-20 00:35:17.907+0000 INFO  [o.n.k.i.DiagnosticsManager]: org.neo4j.server.webserver.https.key.location = conf/ssl/snakeoil.key
2014-04-20 00:35:17.907+0000 INFO  [o.n.k.i.DiagnosticsManager]: org.neo4j.server.webserver.https.keystore.location = data/keystore
2014-04-20 00:35:17.907+0000 INFO  [o.n.k.i.DiagnosticsManager]: org.neo4j.server.webadmin.rrdb.location = data/rrd
2014-04-20 00:35:17.907+0000 INFO  [o.n.k.i.DiagnosticsManager]: org.neo4j.server.db.tuning.properties = conf/neo4j.properties
2014-04-20 00:35:17.907+0000 INFO  [o.n.k.i.DiagnosticsManager]: org.neo4j.server.manage.console_engines = shell
2014-04-20 00:35:17.907+0000 INFO  [o.n.k.i.DiagnosticsManager]: org.neo4j.server.http.log.enabled = false
2014-04-20 00:35:17.907+0000 INFO  [o.n.k.i.DiagnosticsManager]: org.neo4j.server.http.log.config = conf/neo4j-http-logging.xml
2014-04-20 00:35:17.907+0000 INFO  [o.n.k.i.DiagnosticsManager]: org.neo4j.server.webadmin.management.uri = /db/manage/
2014-04-20 00:35:17.907+0000 INFO  [o.n.k.i.DiagnosticsManager]: org.neo4j.server.webadmin.data.uri = /db/data/
2014-04-20 00:35:17.907+0000 INFO  [o.n.k.i.DiagnosticsManager]: --- STARTED diagnostics for org.neo4j.server.configuration.Configurator END ---
2014-04-20 00:35:17.913+0000 INFO  [o.n.k.i.DiagnosticsManager]: Mounted discovery module (org.neo4j.server.rest.discovery) at: /
2014-04-20 00:35:17.921+0000 INFO  [o.n.k.i.DiagnosticsManager]: Mounted REST API at: /db/data/
2014-04-20 00:35:17.925+0000 INFO  [o.n.k.i.DiagnosticsManager]: Mounted management API at: /db/manage/
2014-04-20 00:35:17.925+0000 INFO  [o.n.k.i.DiagnosticsManager]: Mounted webadmin at: /webadmin
2014-04-20 00:35:17.926+0000 INFO  [o.n.k.i.DiagnosticsManager]: Mounted Neo4j Browser at: /browser
2014-04-20 00:35:19.318+0000 INFO  [o.n.k.i.DiagnosticsManager]: Server started on: http://localhost:7474/
2014-04-20 00:35:19.320+0000 INFO  [o.n.k.i.DiagnosticsManager]: --- SERVER STARTED END ---
